{
  "numFailedTestSuites": 2,
  "numFailedTests": 19,
  "numPassedTestSuites": 15,
  "numPassedTests": 342,
  "numPendingTestSuites": 0,
  "numPendingTests": 0,
  "numRuntimeErrorTestSuites": 0,
  "numTodoTests": 0,
  "numTotalTestSuites": 17,
  "numTotalTests": 361,
  "openHandles": [],
  "snapshot": {
    "added": 0,
    "didUpdate": false,
    "failure": false,
    "filesAdded": 0,
    "filesRemoved": 0,
    "filesRemovedList": [],
    "filesUnmatched": 0,
    "filesUpdated": 0,
    "matched": 0,
    "total": 0,
    "unchecked": 0,
    "uncheckedKeysByFile": [],
    "unmatched": 0,
    "updated": 0
  },
  "startTime": 1749528569101,
  "success": false,
  "testResults": [
    {
      "assertionResults": [
        {
          "ancestorTitles": ["useAnnouncement"],
          "duration": 9,
          "failureDetails": [],
          "failureMessages": [],
          "fullName": "useAnnouncement should initialize with no announcements when i18n is not ready",
          "invocations": 1,
          "location": null,
          "numPassingAsserts": 2,
          "retryReasons": [],
          "status": "passed",
          "title": "should initialize with no announcements when i18n is not ready"
        },
        {
          "ancestorTitles": ["useAnnouncement"],
          "duration": 2,
          "failureDetails": [
            {
              "matcherResult": {
                "actual": false,
                "expected": true,
                "message": "\u001b[2mexpect(\u001b[22m\u001b[31mreceived\u001b[39m\u001b[2m).\u001b[22mtoBe\u001b[2m(\u001b[22m\u001b[32mexpected\u001b[39m\u001b[2m) // Object.is equality\u001b[22m\n\nExpected: \u001b[32mtrue\u001b[39m\nReceived: \u001b[31mfalse\u001b[39m",
                "name": "toBe",
                "pass": false
              }
            }
          ],
          "failureMessages": [
            "Error: \u001b[2mexpect(\u001b[22m\u001b[31mreceived\u001b[39m\u001b[2m).\u001b[22mtoBe\u001b[2m(\u001b[22m\u001b[32mexpected\u001b[39m\u001b[2m) // Object.is equality\u001b[22m\n\nExpected: \u001b[32mtrue\u001b[39m\nReceived: \u001b[31mfalse\u001b[39m\n    at Object.<anonymous> (/Users/schwanndenkuo/Documents/personal/chabod/tests/ui/hooks/useAnnouncement.test.tsx:71:35)\n    at Promise.then.completed (/Users/schwanndenkuo/Documents/personal/chabod/node_modules/jest-circus/build/utils.js:298:28)\n    at new Promise (<anonymous>)\n    at callAsyncCircusFn (/Users/schwanndenkuo/Documents/personal/chabod/node_modules/jest-circus/build/utils.js:231:10)\n    at _callCircusTest (/Users/schwanndenkuo/Documents/personal/chabod/node_modules/jest-circus/build/run.js:316:40)\n    at processTicksAndRejections (node:internal/process/task_queues:105:5)\n    at _runTest (/Users/schwanndenkuo/Documents/personal/chabod/node_modules/jest-circus/build/run.js:252:3)\n    at _runTestsForDescribeBlock (/Users/schwanndenkuo/Documents/personal/chabod/node_modules/jest-circus/build/run.js:126:9)\n    at _runTestsForDescribeBlock (/Users/schwanndenkuo/Documents/personal/chabod/node_modules/jest-circus/build/run.js:121:9)\n    at run (/Users/schwanndenkuo/Documents/personal/chabod/node_modules/jest-circus/build/run.js:71:3)\n    at runAndTransformResultsToJestFormat (/Users/schwanndenkuo/Documents/personal/chabod/node_modules/jest-circus/build/legacy-code-todo-rewrite/jestAdapterInit.js:122:21)\n    at jestAdapter (/Users/schwanndenkuo/Documents/personal/chabod/node_modules/jest-circus/build/legacy-code-todo-rewrite/jestAdapter.js:79:19)\n    at runTestInternal (/Users/schwanndenkuo/Documents/personal/chabod/node_modules/jest-runner/build/runTest.js:367:16)\n    at runTest (/Users/schwanndenkuo/Documents/personal/chabod/node_modules/jest-runner/build/runTest.js:444:34)\n    at Object.worker (/Users/schwanndenkuo/Documents/personal/chabod/node_modules/jest-runner/build/testWorker.js:106:12)"
          ],
          "fullName": "useAnnouncement should show announcement when valid announcement exists",
          "invocations": 1,
          "location": null,
          "numPassingAsserts": 0,
          "retryReasons": [],
          "status": "failed",
          "title": "should show announcement when valid announcement exists"
        },
        {
          "ancestorTitles": ["useAnnouncement"],
          "duration": 2,
          "failureDetails": [],
          "failureMessages": [],
          "fullName": "useAnnouncement should not show announcement if it was dismissed permanently",
          "invocations": 1,
          "location": null,
          "numPassingAsserts": 2,
          "retryReasons": [],
          "status": "passed",
          "title": "should not show announcement if it was dismissed permanently"
        },
        {
          "ancestorTitles": ["useAnnouncement"],
          "duration": 1,
          "failureDetails": [
            {
              "matcherResult": {
                "actual": false,
                "expected": true,
                "message": "\u001b[2mexpect(\u001b[22m\u001b[31mreceived\u001b[39m\u001b[2m).\u001b[22mtoBe\u001b[2m(\u001b[22m\u001b[32mexpected\u001b[39m\u001b[2m) // Object.is equality\u001b[22m\n\nExpected: \u001b[32mtrue\u001b[39m\nReceived: \u001b[31mfalse\u001b[39m",
                "name": "toBe",
                "pass": false
              }
            }
          ],
          "failureMessages": [
            "Error: \u001b[2mexpect(\u001b[22m\u001b[31mreceived\u001b[39m\u001b[2m).\u001b[22mtoBe\u001b[2m(\u001b[22m\u001b[32mexpected\u001b[39m\u001b[2m) // Object.is equality\u001b[22m\n\nExpected: \u001b[32mtrue\u001b[39m\nReceived: \u001b[31mfalse\u001b[39m\n    at Object.<anonymous> (/Users/schwanndenkuo/Documents/personal/chabod/tests/ui/hooks/useAnnouncement.test.tsx:105:35)\n    at Promise.then.completed (/Users/schwanndenkuo/Documents/personal/chabod/node_modules/jest-circus/build/utils.js:298:28)\n    at new Promise (<anonymous>)\n    at callAsyncCircusFn (/Users/schwanndenkuo/Documents/personal/chabod/node_modules/jest-circus/build/utils.js:231:10)\n    at _callCircusTest (/Users/schwanndenkuo/Documents/personal/chabod/node_modules/jest-circus/build/run.js:316:40)\n    at processTicksAndRejections (node:internal/process/task_queues:105:5)\n    at _runTest (/Users/schwanndenkuo/Documents/personal/chabod/node_modules/jest-circus/build/run.js:252:3)\n    at _runTestsForDescribeBlock (/Users/schwanndenkuo/Documents/personal/chabod/node_modules/jest-circus/build/run.js:126:9)\n    at _runTestsForDescribeBlock (/Users/schwanndenkuo/Documents/personal/chabod/node_modules/jest-circus/build/run.js:121:9)\n    at run (/Users/schwanndenkuo/Documents/personal/chabod/node_modules/jest-circus/build/run.js:71:3)\n    at runAndTransformResultsToJestFormat (/Users/schwanndenkuo/Documents/personal/chabod/node_modules/jest-circus/build/legacy-code-todo-rewrite/jestAdapterInit.js:122:21)\n    at jestAdapter (/Users/schwanndenkuo/Documents/personal/chabod/node_modules/jest-circus/build/legacy-code-todo-rewrite/jestAdapter.js:79:19)\n    at runTestInternal (/Users/schwanndenkuo/Documents/personal/chabod/node_modules/jest-runner/build/runTest.js:367:16)\n    at runTest (/Users/schwanndenkuo/Documents/personal/chabod/node_modules/jest-runner/build/runTest.js:444:34)\n    at Object.worker (/Users/schwanndenkuo/Documents/personal/chabod/node_modules/jest-runner/build/testWorker.js:106:12)"
          ],
          "fullName": "useAnnouncement should show announcement if dismissal has expired",
          "invocations": 1,
          "location": null,
          "numPassingAsserts": 0,
          "retryReasons": [],
          "status": "failed",
          "title": "should show announcement if dismissal has expired"
        },
        {
          "ancestorTitles": ["useAnnouncement"],
          "duration": 2,
          "failureDetails": [
            {
              "matcherResult": {
                "actual": false,
                "expected": true,
                "message": "\u001b[2mexpect(\u001b[22m\u001b[31mreceived\u001b[39m\u001b[2m).\u001b[22mtoBe\u001b[2m(\u001b[22m\u001b[32mexpected\u001b[39m\u001b[2m) // Object.is equality\u001b[22m\n\nExpected: \u001b[32mtrue\u001b[39m\nReceived: \u001b[31mfalse\u001b[39m",
                "name": "toBe",
                "pass": false
              }
            }
          ],
          "failureMessages": [
            "Error: \u001b[2mexpect(\u001b[22m\u001b[31mreceived\u001b[39m\u001b[2m).\u001b[22mtoBe\u001b[2m(\u001b[22m\u001b[32mexpected\u001b[39m\u001b[2m) // Object.is equality\u001b[22m\n\nExpected: \u001b[32mtrue\u001b[39m\nReceived: \u001b[31mfalse\u001b[39m\n    at Object.<anonymous> (/Users/schwanndenkuo/Documents/personal/chabod/tests/ui/hooks/useAnnouncement.test.tsx:123:35)\n    at Promise.then.completed (/Users/schwanndenkuo/Documents/personal/chabod/node_modules/jest-circus/build/utils.js:298:28)\n    at new Promise (<anonymous>)\n    at callAsyncCircusFn (/Users/schwanndenkuo/Documents/personal/chabod/node_modules/jest-circus/build/utils.js:231:10)\n    at _callCircusTest (/Users/schwanndenkuo/Documents/personal/chabod/node_modules/jest-circus/build/run.js:316:40)\n    at processTicksAndRejections (node:internal/process/task_queues:105:5)\n    at _runTest (/Users/schwanndenkuo/Documents/personal/chabod/node_modules/jest-circus/build/run.js:252:3)\n    at _runTestsForDescribeBlock (/Users/schwanndenkuo/Documents/personal/chabod/node_modules/jest-circus/build/run.js:126:9)\n    at _runTestsForDescribeBlock (/Users/schwanndenkuo/Documents/personal/chabod/node_modules/jest-circus/build/run.js:121:9)\n    at run (/Users/schwanndenkuo/Documents/personal/chabod/node_modules/jest-circus/build/run.js:71:3)\n    at runAndTransformResultsToJestFormat (/Users/schwanndenkuo/Documents/personal/chabod/node_modules/jest-circus/build/legacy-code-todo-rewrite/jestAdapterInit.js:122:21)\n    at jestAdapter (/Users/schwanndenkuo/Documents/personal/chabod/node_modules/jest-circus/build/legacy-code-todo-rewrite/jestAdapter.js:79:19)\n    at runTestInternal (/Users/schwanndenkuo/Documents/personal/chabod/node_modules/jest-runner/build/runTest.js:367:16)\n    at runTest (/Users/schwanndenkuo/Documents/personal/chabod/node_modules/jest-runner/build/runTest.js:444:34)\n    at Object.worker (/Users/schwanndenkuo/Documents/personal/chabod/node_modules/jest-runner/build/testWorker.js:106:12)"
          ],
          "fullName": "useAnnouncement should dismiss announcement without saving when dontShowAgain is false",
          "invocations": 1,
          "location": null,
          "numPassingAsserts": 0,
          "retryReasons": [],
          "status": "failed",
          "title": "should dismiss announcement without saving when dontShowAgain is false"
        },
        {
          "ancestorTitles": ["useAnnouncement"],
          "duration": 1,
          "failureDetails": [
            {
              "matcherResult": {
                "actual": false,
                "expected": true,
                "message": "\u001b[2mexpect(\u001b[22m\u001b[31mreceived\u001b[39m\u001b[2m).\u001b[22mtoBe\u001b[2m(\u001b[22m\u001b[32mexpected\u001b[39m\u001b[2m) // Object.is equality\u001b[22m\n\nExpected: \u001b[32mtrue\u001b[39m\nReceived: \u001b[31mfalse\u001b[39m",
                "name": "toBe",
                "pass": false
              }
            }
          ],
          "failureMessages": [
            "Error: \u001b[2mexpect(\u001b[22m\u001b[31mreceived\u001b[39m\u001b[2m).\u001b[22mtoBe\u001b[2m(\u001b[22m\u001b[32mexpected\u001b[39m\u001b[2m) // Object.is equality\u001b[22m\n\nExpected: \u001b[32mtrue\u001b[39m\nReceived: \u001b[31mfalse\u001b[39m\n    at Object.<anonymous> (/Users/schwanndenkuo/Documents/personal/chabod/tests/ui/hooks/useAnnouncement.test.tsx:137:35)\n    at Promise.then.completed (/Users/schwanndenkuo/Documents/personal/chabod/node_modules/jest-circus/build/utils.js:298:28)\n    at new Promise (<anonymous>)\n    at callAsyncCircusFn (/Users/schwanndenkuo/Documents/personal/chabod/node_modules/jest-circus/build/utils.js:231:10)\n    at _callCircusTest (/Users/schwanndenkuo/Documents/personal/chabod/node_modules/jest-circus/build/run.js:316:40)\n    at processTicksAndRejections (node:internal/process/task_queues:105:5)\n    at _runTest (/Users/schwanndenkuo/Documents/personal/chabod/node_modules/jest-circus/build/run.js:252:3)\n    at _runTestsForDescribeBlock (/Users/schwanndenkuo/Documents/personal/chabod/node_modules/jest-circus/build/run.js:126:9)\n    at _runTestsForDescribeBlock (/Users/schwanndenkuo/Documents/personal/chabod/node_modules/jest-circus/build/run.js:121:9)\n    at run (/Users/schwanndenkuo/Documents/personal/chabod/node_modules/jest-circus/build/run.js:71:3)\n    at runAndTransformResultsToJestFormat (/Users/schwanndenkuo/Documents/personal/chabod/node_modules/jest-circus/build/legacy-code-todo-rewrite/jestAdapterInit.js:122:21)\n    at jestAdapter (/Users/schwanndenkuo/Documents/personal/chabod/node_modules/jest-circus/build/legacy-code-todo-rewrite/jestAdapter.js:79:19)\n    at runTestInternal (/Users/schwanndenkuo/Documents/personal/chabod/node_modules/jest-runner/build/runTest.js:367:16)\n    at runTest (/Users/schwanndenkuo/Documents/personal/chabod/node_modules/jest-runner/build/runTest.js:444:34)\n    at Object.worker (/Users/schwanndenkuo/Documents/personal/chabod/node_modules/jest-runner/build/testWorker.js:106:12)"
          ],
          "fullName": "useAnnouncement should dismiss announcement and save when dontShowAgain is true",
          "invocations": 1,
          "location": null,
          "numPassingAsserts": 0,
          "retryReasons": [],
          "status": "failed",
          "title": "should dismiss announcement and save when dontShowAgain is true"
        },
        {
          "ancestorTitles": ["useAnnouncement"],
          "duration": 152,
          "failureDetails": [
            {
              "matcherResult": {
                "actual": false,
                "expected": true,
                "message": "\u001b[2mexpect(\u001b[22m\u001b[31mreceived\u001b[39m\u001b[2m).\u001b[22mtoBe\u001b[2m(\u001b[22m\u001b[32mexpected\u001b[39m\u001b[2m) // Object.is equality\u001b[22m\n\nExpected: \u001b[32mtrue\u001b[39m\nReceived: \u001b[31mfalse\u001b[39m",
                "name": "toBe",
                "pass": false
              }
            }
          ],
          "failureMessages": [
            "Error: \u001b[2mexpect(\u001b[22m\u001b[31mreceived\u001b[39m\u001b[2m).\u001b[22mtoBe\u001b[2m(\u001b[22m\u001b[32mexpected\u001b[39m\u001b[2m) // Object.is equality\u001b[22m\n\nExpected: \u001b[32mtrue\u001b[39m\nReceived: \u001b[31mfalse\u001b[39m\n    at Object.<anonymous> (/Users/schwanndenkuo/Documents/personal/chabod/tests/ui/hooks/useAnnouncement.test.tsx:177:35)"
          ],
          "fullName": "useAnnouncement should reset all announcements",
          "invocations": 1,
          "location": null,
          "numPassingAsserts": 1,
          "retryReasons": [],
          "status": "failed",
          "title": "should reset all announcements"
        },
        {
          "ancestorTitles": ["useAnnouncement"],
          "duration": 1,
          "failureDetails": [],
          "failureMessages": [],
          "fullName": "useAnnouncement should handle errors in scanning announcements gracefully",
          "invocations": 1,
          "location": null,
          "numPassingAsserts": 2,
          "retryReasons": [],
          "status": "passed",
          "title": "should handle errors in scanning announcements gracefully"
        },
        {
          "ancestorTitles": ["useAnnouncement"],
          "duration": 2,
          "failureDetails": [
            {
              "matcherResult": {
                "actual": false,
                "expected": true,
                "message": "\u001b[2mexpect(\u001b[22m\u001b[31mreceived\u001b[39m\u001b[2m).\u001b[22mtoBe\u001b[2m(\u001b[22m\u001b[32mexpected\u001b[39m\u001b[2m) // Object.is equality\u001b[22m\n\nExpected: \u001b[32mtrue\u001b[39m\nReceived: \u001b[31mfalse\u001b[39m",
                "name": "toBe",
                "pass": false
              }
            }
          ],
          "failureMessages": [
            "Error: \u001b[2mexpect(\u001b[22m\u001b[31mreceived\u001b[39m\u001b[2m).\u001b[22mtoBe\u001b[2m(\u001b[22m\u001b[32mexpected\u001b[39m\u001b[2m) // Object.is equality\u001b[22m\n\nExpected: \u001b[32mtrue\u001b[39m\nReceived: \u001b[31mfalse\u001b[39m\n    at Object.<anonymous> (/Users/schwanndenkuo/Documents/personal/chabod/tests/ui/hooks/useAnnouncement.test.tsx:229:35)\n    at Promise.then.completed (/Users/schwanndenkuo/Documents/personal/chabod/node_modules/jest-circus/build/utils.js:298:28)\n    at new Promise (<anonymous>)\n    at callAsyncCircusFn (/Users/schwanndenkuo/Documents/personal/chabod/node_modules/jest-circus/build/utils.js:231:10)\n    at _callCircusTest (/Users/schwanndenkuo/Documents/personal/chabod/node_modules/jest-circus/build/run.js:316:40)\n    at _runTest (/Users/schwanndenkuo/Documents/personal/chabod/node_modules/jest-circus/build/run.js:252:3)\n    at _runTestsForDescribeBlock (/Users/schwanndenkuo/Documents/personal/chabod/node_modules/jest-circus/build/run.js:126:9)\n    at _runTestsForDescribeBlock (/Users/schwanndenkuo/Documents/personal/chabod/node_modules/jest-circus/build/run.js:121:9)\n    at run (/Users/schwanndenkuo/Documents/personal/chabod/node_modules/jest-circus/build/run.js:71:3)\n    at runAndTransformResultsToJestFormat (/Users/schwanndenkuo/Documents/personal/chabod/node_modules/jest-circus/build/legacy-code-todo-rewrite/jestAdapterInit.js:122:21)\n    at jestAdapter (/Users/schwanndenkuo/Documents/personal/chabod/node_modules/jest-circus/build/legacy-code-todo-rewrite/jestAdapter.js:79:19)\n    at runTestInternal (/Users/schwanndenkuo/Documents/personal/chabod/node_modules/jest-runner/build/runTest.js:367:16)\n    at runTest (/Users/schwanndenkuo/Documents/personal/chabod/node_modules/jest-runner/build/runTest.js:444:34)\n    at Object.worker (/Users/schwanndenkuo/Documents/personal/chabod/node_modules/jest-runner/build/testWorker.js:106:12)"
          ],
          "fullName": "useAnnouncement should ignore invalid announcement objects",
          "invocations": 1,
          "location": null,
          "numPassingAsserts": 0,
          "retryReasons": [],
          "status": "failed",
          "title": "should ignore invalid announcement objects"
        },
        {
          "ancestorTitles": ["useAnnouncement"],
          "duration": 1,
          "failureDetails": [
            {
              "matcherResult": {
                "actual": false,
                "expected": true,
                "message": "\u001b[2mexpect(\u001b[22m\u001b[31mreceived\u001b[39m\u001b[2m).\u001b[22mtoBe\u001b[2m(\u001b[22m\u001b[32mexpected\u001b[39m\u001b[2m) // Object.is equality\u001b[22m\n\nExpected: \u001b[32mtrue\u001b[39m\nReceived: \u001b[31mfalse\u001b[39m",
                "name": "toBe",
                "pass": false
              }
            }
          ],
          "failureMessages": [
            "Error: \u001b[2mexpect(\u001b[22m\u001b[31mreceived\u001b[39m\u001b[2m).\u001b[22mtoBe\u001b[2m(\u001b[22m\u001b[32mexpected\u001b[39m\u001b[2m) // Object.is equality\u001b[22m\n\nExpected: \u001b[32mtrue\u001b[39m\nReceived: \u001b[31mfalse\u001b[39m\n    at Object.<anonymous> (/Users/schwanndenkuo/Documents/personal/chabod/tests/ui/hooks/useAnnouncement.test.tsx:238:35)\n    at Promise.then.completed (/Users/schwanndenkuo/Documents/personal/chabod/node_modules/jest-circus/build/utils.js:298:28)\n    at new Promise (<anonymous>)\n    at callAsyncCircusFn (/Users/schwanndenkuo/Documents/personal/chabod/node_modules/jest-circus/build/utils.js:231:10)\n    at _callCircusTest (/Users/schwanndenkuo/Documents/personal/chabod/node_modules/jest-circus/build/run.js:316:40)\n    at _runTest (/Users/schwanndenkuo/Documents/personal/chabod/node_modules/jest-circus/build/run.js:252:3)\n    at _runTestsForDescribeBlock (/Users/schwanndenkuo/Documents/personal/chabod/node_modules/jest-circus/build/run.js:126:9)\n    at _runTestsForDescribeBlock (/Users/schwanndenkuo/Documents/personal/chabod/node_modules/jest-circus/build/run.js:121:9)\n    at run (/Users/schwanndenkuo/Documents/personal/chabod/node_modules/jest-circus/build/run.js:71:3)\n    at runAndTransformResultsToJestFormat (/Users/schwanndenkuo/Documents/personal/chabod/node_modules/jest-circus/build/legacy-code-todo-rewrite/jestAdapterInit.js:122:21)\n    at jestAdapter (/Users/schwanndenkuo/Documents/personal/chabod/node_modules/jest-circus/build/legacy-code-todo-rewrite/jestAdapter.js:79:19)\n    at runTestInternal (/Users/schwanndenkuo/Documents/personal/chabod/node_modules/jest-runner/build/runTest.js:367:16)\n    at runTest (/Users/schwanndenkuo/Documents/personal/chabod/node_modules/jest-runner/build/runTest.js:444:34)\n    at Object.worker (/Users/schwanndenkuo/Documents/personal/chabod/node_modules/jest-runner/build/testWorker.js:106:12)"
          ],
          "fullName": "useAnnouncement should handle malformed dismissal data",
          "invocations": 1,
          "location": null,
          "numPassingAsserts": 0,
          "retryReasons": [],
          "status": "failed",
          "title": "should handle malformed dismissal data"
        },
        {
          "ancestorTitles": ["useAnnouncement"],
          "duration": 1,
          "failureDetails": [],
          "failureMessages": [],
          "fullName": "useAnnouncement should handle missing announcements section",
          "invocations": 1,
          "location": null,
          "numPassingAsserts": 2,
          "retryReasons": [],
          "status": "passed",
          "title": "should handle missing announcements section"
        }
      ],
      "endTime": 1749528570247,
      "message": "\u001b[1m\u001b[31m  \u001b[1m● \u001b[22m\u001b[1museAnnouncement › should show announcement when valid announcement exists\u001b[39m\u001b[22m\n\n    \u001b[2mexpect(\u001b[22m\u001b[31mreceived\u001b[39m\u001b[2m).\u001b[22mtoBe\u001b[2m(\u001b[22m\u001b[32mexpected\u001b[39m\u001b[2m) // Object.is equality\u001b[22m\n\n    Expected: \u001b[32mtrue\u001b[39m\n    Received: \u001b[31mfalse\u001b[39m\n\u001b[2m\u001b[22m\n\u001b[2m    \u001b[0m \u001b[90m 69 |\u001b[39m     \u001b[36mconst\u001b[39m { result } \u001b[33m=\u001b[39m renderHook(() \u001b[33m=>\u001b[39m useAnnouncement())\u001b[33m;\u001b[39m\u001b[22m\n\u001b[2m     \u001b[90m 70 |\u001b[39m\u001b[22m\n\u001b[2m    \u001b[31m\u001b[1m>\u001b[22m\u001b[2m\u001b[39m\u001b[90m 71 |\u001b[39m     expect(result\u001b[33m.\u001b[39mcurrent\u001b[33m.\u001b[39misOpen)\u001b[33m.\u001b[39mtoBe(\u001b[36mtrue\u001b[39m)\u001b[33m;\u001b[39m\u001b[22m\n\u001b[2m     \u001b[90m    |\u001b[39m                                   \u001b[31m\u001b[1m^\u001b[22m\u001b[2m\u001b[39m\u001b[22m\n\u001b[2m     \u001b[90m 72 |\u001b[39m     expect(result\u001b[33m.\u001b[39mcurrent\u001b[33m.\u001b[39mcurrentAnnouncement)\u001b[33m.\u001b[39mtoEqual({\u001b[22m\n\u001b[2m     \u001b[90m 73 |\u001b[39m       id\u001b[33m:\u001b[39m \u001b[32m\"testAnnouncement\"\u001b[39m\u001b[33m,\u001b[39m\u001b[22m\n\u001b[2m     \u001b[90m 74 |\u001b[39m       title\u001b[33m:\u001b[39m \u001b[32m\"Test Title\"\u001b[39m\u001b[33m,\u001b[39m\u001b[0m\u001b[22m\n\u001b[2m\u001b[22m\n\u001b[2m      \u001b[2mat Object.<anonymous> (\u001b[22m\u001b[2m\u001b[0m\u001b[36mtests/ui/hooks/useAnnouncement.test.tsx\u001b[39m\u001b[0m\u001b[2m:71:35)\u001b[22m\u001b[2m\u001b[22m\n\n\u001b[1m\u001b[31m  \u001b[1m● \u001b[22m\u001b[1museAnnouncement › should show announcement if dismissal has expired\u001b[39m\u001b[22m\n\n    \u001b[2mexpect(\u001b[22m\u001b[31mreceived\u001b[39m\u001b[2m).\u001b[22mtoBe\u001b[2m(\u001b[22m\u001b[32mexpected\u001b[39m\u001b[2m) // Object.is equality\u001b[22m\n\n    Expected: \u001b[32mtrue\u001b[39m\n    Received: \u001b[31mfalse\u001b[39m\n\u001b[2m\u001b[22m\n\u001b[2m    \u001b[0m \u001b[90m 103 |\u001b[39m     \u001b[36mconst\u001b[39m { result } \u001b[33m=\u001b[39m renderHook(() \u001b[33m=>\u001b[39m useAnnouncement())\u001b[33m;\u001b[39m\u001b[22m\n\u001b[2m     \u001b[90m 104 |\u001b[39m\u001b[22m\n\u001b[2m    \u001b[31m\u001b[1m>\u001b[22m\u001b[2m\u001b[39m\u001b[90m 105 |\u001b[39m     expect(result\u001b[33m.\u001b[39mcurrent\u001b[33m.\u001b[39misOpen)\u001b[33m.\u001b[39mtoBe(\u001b[36mtrue\u001b[39m)\u001b[33m;\u001b[39m\u001b[22m\n\u001b[2m     \u001b[90m     |\u001b[39m                                   \u001b[31m\u001b[1m^\u001b[22m\u001b[2m\u001b[39m\u001b[22m\n\u001b[2m     \u001b[90m 106 |\u001b[39m     expect(result\u001b[33m.\u001b[39mcurrent\u001b[33m.\u001b[39mcurrentAnnouncement)\u001b[33m.\u001b[39mtoEqual({\u001b[22m\n\u001b[2m     \u001b[90m 107 |\u001b[39m       id\u001b[33m:\u001b[39m \u001b[32m\"testAnnouncement\"\u001b[39m\u001b[33m,\u001b[39m\u001b[22m\n\u001b[2m     \u001b[90m 108 |\u001b[39m       title\u001b[33m:\u001b[39m \u001b[32m\"Test Title\"\u001b[39m\u001b[33m,\u001b[39m\u001b[0m\u001b[22m\n\u001b[2m\u001b[22m\n\u001b[2m      \u001b[2mat Object.<anonymous> (\u001b[22m\u001b[2m\u001b[0m\u001b[36mtests/ui/hooks/useAnnouncement.test.tsx\u001b[39m\u001b[0m\u001b[2m:105:35)\u001b[22m\u001b[2m\u001b[22m\n\n\u001b[1m\u001b[31m  \u001b[1m● \u001b[22m\u001b[1museAnnouncement › should dismiss announcement without saving when dontShowAgain is false\u001b[39m\u001b[22m\n\n    \u001b[2mexpect(\u001b[22m\u001b[31mreceived\u001b[39m\u001b[2m).\u001b[22mtoBe\u001b[2m(\u001b[22m\u001b[32mexpected\u001b[39m\u001b[2m) // Object.is equality\u001b[22m\n\n    Expected: \u001b[32mtrue\u001b[39m\n    Received: \u001b[31mfalse\u001b[39m\n\u001b[2m\u001b[22m\n\u001b[2m    \u001b[0m \u001b[90m 121 |\u001b[39m     \u001b[36mconst\u001b[39m { result } \u001b[33m=\u001b[39m renderHook(() \u001b[33m=>\u001b[39m useAnnouncement())\u001b[33m;\u001b[39m\u001b[22m\n\u001b[2m     \u001b[90m 122 |\u001b[39m\u001b[22m\n\u001b[2m    \u001b[31m\u001b[1m>\u001b[22m\u001b[2m\u001b[39m\u001b[90m 123 |\u001b[39m     expect(result\u001b[33m.\u001b[39mcurrent\u001b[33m.\u001b[39misOpen)\u001b[33m.\u001b[39mtoBe(\u001b[36mtrue\u001b[39m)\u001b[33m;\u001b[39m\u001b[22m\n\u001b[2m     \u001b[90m     |\u001b[39m                                   \u001b[31m\u001b[1m^\u001b[22m\u001b[2m\u001b[39m\u001b[22m\n\u001b[2m     \u001b[90m 124 |\u001b[39m\u001b[22m\n\u001b[2m     \u001b[90m 125 |\u001b[39m     \u001b[36mawait\u001b[39m act(\u001b[36masync\u001b[39m () \u001b[33m=>\u001b[39m {\u001b[22m\n\u001b[2m     \u001b[90m 126 |\u001b[39m       result\u001b[33m.\u001b[39mcurrent\u001b[33m.\u001b[39mdismissAnnouncement(\u001b[36mfalse\u001b[39m)\u001b[33m;\u001b[39m\u001b[0m\u001b[22m\n\u001b[2m\u001b[22m\n\u001b[2m      \u001b[2mat Object.<anonymous> (\u001b[22m\u001b[2m\u001b[0m\u001b[36mtests/ui/hooks/useAnnouncement.test.tsx\u001b[39m\u001b[0m\u001b[2m:123:35)\u001b[22m\u001b[2m\u001b[22m\n\n\u001b[1m\u001b[31m  \u001b[1m● \u001b[22m\u001b[1museAnnouncement › should dismiss announcement and save when dontShowAgain is true\u001b[39m\u001b[22m\n\n    \u001b[2mexpect(\u001b[22m\u001b[31mreceived\u001b[39m\u001b[2m).\u001b[22mtoBe\u001b[2m(\u001b[22m\u001b[32mexpected\u001b[39m\u001b[2m) // Object.is equality\u001b[22m\n\n    Expected: \u001b[32mtrue\u001b[39m\n    Received: \u001b[31mfalse\u001b[39m\n\u001b[2m\u001b[22m\n\u001b[2m    \u001b[0m \u001b[90m 135 |\u001b[39m     \u001b[36mconst\u001b[39m { result } \u001b[33m=\u001b[39m renderHook(() \u001b[33m=>\u001b[39m useAnnouncement())\u001b[33m;\u001b[39m\u001b[22m\n\u001b[2m     \u001b[90m 136 |\u001b[39m\u001b[22m\n\u001b[2m    \u001b[31m\u001b[1m>\u001b[22m\u001b[2m\u001b[39m\u001b[90m 137 |\u001b[39m     expect(result\u001b[33m.\u001b[39mcurrent\u001b[33m.\u001b[39misOpen)\u001b[33m.\u001b[39mtoBe(\u001b[36mtrue\u001b[39m)\u001b[33m;\u001b[39m\u001b[22m\n\u001b[2m     \u001b[90m     |\u001b[39m                                   \u001b[31m\u001b[1m^\u001b[22m\u001b[2m\u001b[39m\u001b[22m\n\u001b[2m     \u001b[90m 138 |\u001b[39m\u001b[22m\n\u001b[2m     \u001b[90m 139 |\u001b[39m     \u001b[36mawait\u001b[39m act(\u001b[36masync\u001b[39m () \u001b[33m=>\u001b[39m {\u001b[22m\n\u001b[2m     \u001b[90m 140 |\u001b[39m       result\u001b[33m.\u001b[39mcurrent\u001b[33m.\u001b[39mdismissAnnouncement(\u001b[36mtrue\u001b[39m)\u001b[33m;\u001b[39m\u001b[0m\u001b[22m\n\u001b[2m\u001b[22m\n\u001b[2m      \u001b[2mat Object.<anonymous> (\u001b[22m\u001b[2m\u001b[0m\u001b[36mtests/ui/hooks/useAnnouncement.test.tsx\u001b[39m\u001b[0m\u001b[2m:137:35)\u001b[22m\u001b[2m\u001b[22m\n\n\u001b[1m\u001b[31m  \u001b[1m● \u001b[22m\u001b[1museAnnouncement › should reset all announcements\u001b[39m\u001b[22m\n\n    \u001b[2mexpect(\u001b[22m\u001b[31mreceived\u001b[39m\u001b[2m).\u001b[22mtoBe\u001b[2m(\u001b[22m\u001b[32mexpected\u001b[39m\u001b[2m) // Object.is equality\u001b[22m\n\n    Expected: \u001b[32mtrue\u001b[39m\n    Received: \u001b[31mfalse\u001b[39m\n\u001b[2m\u001b[22m\n\u001b[2m    \u001b[0m \u001b[90m 175 |\u001b[39m     })\u001b[33m;\u001b[39m\u001b[22m\n\u001b[2m     \u001b[90m 176 |\u001b[39m\u001b[22m\n\u001b[2m    \u001b[31m\u001b[1m>\u001b[22m\u001b[2m\u001b[39m\u001b[90m 177 |\u001b[39m     expect(result\u001b[33m.\u001b[39mcurrent\u001b[33m.\u001b[39misOpen)\u001b[33m.\u001b[39mtoBe(\u001b[36mtrue\u001b[39m)\u001b[33m;\u001b[39m\u001b[22m\n\u001b[2m     \u001b[90m     |\u001b[39m                                   \u001b[31m\u001b[1m^\u001b[22m\u001b[2m\u001b[39m\u001b[22m\n\u001b[2m     \u001b[90m 178 |\u001b[39m     expect(result\u001b[33m.\u001b[39mcurrent\u001b[33m.\u001b[39mcurrentAnnouncement\u001b[33m?\u001b[39m\u001b[33m.\u001b[39mid)\u001b[33m.\u001b[39mtoBe(\u001b[32m\"testAnnouncement\"\u001b[39m)\u001b[33m;\u001b[39m\u001b[22m\n\u001b[2m     \u001b[90m 179 |\u001b[39m\u001b[22m\n\u001b[2m     \u001b[90m 180 |\u001b[39m     expect(localStorageMock\u001b[33m.\u001b[39mremoveItem)\u001b[33m.\u001b[39mtoHaveBeenCalledWith(\u001b[0m\u001b[22m\n\u001b[2m\u001b[22m\n\u001b[2m      \u001b[2mat Object.<anonymous> (\u001b[22m\u001b[2m\u001b[0m\u001b[36mtests/ui/hooks/useAnnouncement.test.tsx\u001b[39m\u001b[0m\u001b[2m:177:35)\u001b[22m\u001b[2m\u001b[22m\n\n\u001b[1m\u001b[31m  \u001b[1m● \u001b[22m\u001b[1museAnnouncement › should ignore invalid announcement objects\u001b[39m\u001b[22m\n\n    \u001b[2mexpect(\u001b[22m\u001b[31mreceived\u001b[39m\u001b[2m).\u001b[22mtoBe\u001b[2m(\u001b[22m\u001b[32mexpected\u001b[39m\u001b[2m) // Object.is equality\u001b[22m\n\n    Expected: \u001b[32mtrue\u001b[39m\n    Received: \u001b[31mfalse\u001b[39m\n\u001b[2m\u001b[22m\n\u001b[2m    \u001b[0m \u001b[90m 227 |\u001b[39m     \u001b[36mconst\u001b[39m { result } \u001b[33m=\u001b[39m renderHook(() \u001b[33m=>\u001b[39m useAnnouncement())\u001b[33m;\u001b[39m\u001b[22m\n\u001b[2m     \u001b[90m 228 |\u001b[39m\u001b[22m\n\u001b[2m    \u001b[31m\u001b[1m>\u001b[22m\u001b[2m\u001b[39m\u001b[90m 229 |\u001b[39m     expect(result\u001b[33m.\u001b[39mcurrent\u001b[33m.\u001b[39misOpen)\u001b[33m.\u001b[39mtoBe(\u001b[36mtrue\u001b[39m)\u001b[33m;\u001b[39m\u001b[22m\n\u001b[2m     \u001b[90m     |\u001b[39m                                   \u001b[31m\u001b[1m^\u001b[22m\u001b[2m\u001b[39m\u001b[22m\n\u001b[2m     \u001b[90m 230 |\u001b[39m     expect(result\u001b[33m.\u001b[39mcurrent\u001b[33m.\u001b[39mcurrentAnnouncement\u001b[33m?\u001b[39m\u001b[33m.\u001b[39mid)\u001b[33m.\u001b[39mtoBe(\u001b[32m\"validAnnouncement\"\u001b[39m)\u001b[33m;\u001b[39m\u001b[22m\n\u001b[2m     \u001b[90m 231 |\u001b[39m   })\u001b[33m;\u001b[39m\u001b[22m\n\u001b[2m     \u001b[90m 232 |\u001b[39m\u001b[0m\u001b[22m\n\u001b[2m\u001b[22m\n\u001b[2m      \u001b[2mat Object.<anonymous> (\u001b[22m\u001b[2m\u001b[0m\u001b[36mtests/ui/hooks/useAnnouncement.test.tsx\u001b[39m\u001b[0m\u001b[2m:229:35)\u001b[22m\u001b[2m\u001b[22m\n\n\u001b[1m\u001b[31m  \u001b[1m● \u001b[22m\u001b[1museAnnouncement › should handle malformed dismissal data\u001b[39m\u001b[22m\n\n    \u001b[2mexpect(\u001b[22m\u001b[31mreceived\u001b[39m\u001b[2m).\u001b[22mtoBe\u001b[2m(\u001b[22m\u001b[32mexpected\u001b[39m\u001b[2m) // Object.is equality\u001b[22m\n\n    Expected: \u001b[32mtrue\u001b[39m\n    Received: \u001b[31mfalse\u001b[39m\n\u001b[2m\u001b[22m\n\u001b[2m    \u001b[0m \u001b[90m 236 |\u001b[39m     \u001b[36mconst\u001b[39m { result } \u001b[33m=\u001b[39m renderHook(() \u001b[33m=>\u001b[39m useAnnouncement())\u001b[33m;\u001b[39m\u001b[22m\n\u001b[2m     \u001b[90m 237 |\u001b[39m\u001b[22m\n\u001b[2m    \u001b[31m\u001b[1m>\u001b[22m\u001b[2m\u001b[39m\u001b[90m 238 |\u001b[39m     expect(result\u001b[33m.\u001b[39mcurrent\u001b[33m.\u001b[39misOpen)\u001b[33m.\u001b[39mtoBe(\u001b[36mtrue\u001b[39m)\u001b[33m;\u001b[39m\u001b[22m\n\u001b[2m     \u001b[90m     |\u001b[39m                                   \u001b[31m\u001b[1m^\u001b[22m\u001b[2m\u001b[39m\u001b[22m\n\u001b[2m     \u001b[90m 239 |\u001b[39m     expect(result\u001b[33m.\u001b[39mcurrent\u001b[33m.\u001b[39mcurrentAnnouncement\u001b[33m?\u001b[39m\u001b[33m.\u001b[39mid)\u001b[33m.\u001b[39mtoBe(\u001b[32m\"testAnnouncement\"\u001b[39m)\u001b[33m;\u001b[39m\u001b[22m\n\u001b[2m     \u001b[90m 240 |\u001b[39m     expect(localStorageMock\u001b[33m.\u001b[39mremoveItem)\u001b[33m.\u001b[39mtoHaveBeenCalledWith(\u001b[22m\n\u001b[2m     \u001b[90m 241 |\u001b[39m       \u001b[32m\"chabod-announcement-dismissed-testAnnouncement\"\u001b[39m\u001b[0m\u001b[22m\n\u001b[2m\u001b[22m\n\u001b[2m      \u001b[2mat Object.<anonymous> (\u001b[22m\u001b[2m\u001b[0m\u001b[36mtests/ui/hooks/useAnnouncement.test.tsx\u001b[39m\u001b[0m\u001b[2m:238:35)\u001b[22m\u001b[2m\u001b[22m\n",
      "name": "/Users/schwanndenkuo/Documents/personal/chabod/tests/ui/hooks/useAnnouncement.test.tsx",
      "startTime": 1749528569652,
      "status": "failed",
      "summary": ""
    },
    {
      "assertionResults": [
        {
          "ancestorTitles": ["AnnouncementDialog"],
          "duration": 17,
          "failureDetails": [],
          "failureMessages": [],
          "fullName": "AnnouncementDialog should not render when announcement is null",
          "invocations": 1,
          "location": null,
          "numPassingAsserts": 1,
          "retryReasons": [],
          "status": "passed",
          "title": "should not render when announcement is null"
        },
        {
          "ancestorTitles": ["AnnouncementDialog"],
          "duration": 2,
          "failureDetails": [],
          "failureMessages": [],
          "fullName": "AnnouncementDialog should not render when isOpen is false",
          "invocations": 1,
          "location": null,
          "numPassingAsserts": 1,
          "retryReasons": [],
          "status": "passed",
          "title": "should not render when isOpen is false"
        },
        {
          "ancestorTitles": ["AnnouncementDialog"],
          "duration": 17,
          "failureDetails": [{ "name": "TestingLibraryElementError" }],
          "failureMessages": [
            "TestingLibraryElementError: Unable to find an accessible element with the role \"dialog\"\n\nThere are no accessible roles. But there might be some inaccessible roles. If you wish to access them, then set the `hidden` option to `true`. Learn more about this here: https://testing-library.com/docs/dom-testing-library/api-queries#byrole\n\nIgnored nodes: comments, script, style\n\u001b[36m<body>\u001b[39m\n  \u001b[36m<div>\u001b[39m\n    \u001b[36m<div\u001b[39m\n      \u001b[33mdata-testid\u001b[39m=\u001b[32m\"announcement-dialog\"\u001b[39m\n    \u001b[36m/>\u001b[39m\n  \u001b[36m</div>\u001b[39m\n\u001b[36m</body>\u001b[39m\n    at Object.getElementError (/Users/schwanndenkuo/Documents/personal/chabod/node_modules/@testing-library/dom/dist/config.js:37:19)\n    at /Users/schwanndenkuo/Documents/personal/chabod/node_modules/@testing-library/dom/dist/query-helpers.js:76:38\n    at /Users/schwanndenkuo/Documents/personal/chabod/node_modules/@testing-library/dom/dist/query-helpers.js:52:17\n    at /Users/schwanndenkuo/Documents/personal/chabod/node_modules/@testing-library/dom/dist/query-helpers.js:95:19\n    at Object.<anonymous> (/Users/schwanndenkuo/Documents/personal/chabod/tests/ui/components/shared/AnnouncementDialog.test.tsx:56:19)\n    at Promise.then.completed (/Users/schwanndenkuo/Documents/personal/chabod/node_modules/jest-circus/build/utils.js:298:28)\n    at new Promise (<anonymous>)\n    at callAsyncCircusFn (/Users/schwanndenkuo/Documents/personal/chabod/node_modules/jest-circus/build/utils.js:231:10)\n    at _callCircusTest (/Users/schwanndenkuo/Documents/personal/chabod/node_modules/jest-circus/build/run.js:316:40)\n    at processTicksAndRejections (node:internal/process/task_queues:105:5)\n    at _runTest (/Users/schwanndenkuo/Documents/personal/chabod/node_modules/jest-circus/build/run.js:252:3)\n    at _runTestsForDescribeBlock (/Users/schwanndenkuo/Documents/personal/chabod/node_modules/jest-circus/build/run.js:126:9)\n    at _runTestsForDescribeBlock (/Users/schwanndenkuo/Documents/personal/chabod/node_modules/jest-circus/build/run.js:121:9)\n    at run (/Users/schwanndenkuo/Documents/personal/chabod/node_modules/jest-circus/build/run.js:71:3)\n    at runAndTransformResultsToJestFormat (/Users/schwanndenkuo/Documents/personal/chabod/node_modules/jest-circus/build/legacy-code-todo-rewrite/jestAdapterInit.js:122:21)\n    at jestAdapter (/Users/schwanndenkuo/Documents/personal/chabod/node_modules/jest-circus/build/legacy-code-todo-rewrite/jestAdapter.js:79:19)\n    at runTestInternal (/Users/schwanndenkuo/Documents/personal/chabod/node_modules/jest-runner/build/runTest.js:367:16)\n    at runTest (/Users/schwanndenkuo/Documents/personal/chabod/node_modules/jest-runner/build/runTest.js:444:34)\n    at Object.worker (/Users/schwanndenkuo/Documents/personal/chabod/node_modules/jest-runner/build/testWorker.js:106:12)"
          ],
          "fullName": "AnnouncementDialog should render announcement dialog with all content",
          "invocations": 1,
          "location": null,
          "numPassingAsserts": 0,
          "retryReasons": [],
          "status": "failed",
          "title": "should render announcement dialog with all content"
        },
        {
          "ancestorTitles": ["AnnouncementDialog"],
          "duration": 3,
          "failureDetails": [{ "name": "TestingLibraryElementError" }],
          "failureMessages": [
            "TestingLibraryElementError: Unable to find an element with the text: common.dontShowAgain. This could be because the text is broken up by multiple elements. In this case, you can provide a function for your text matcher to make your matcher more flexible.\n\nIgnored nodes: comments, script, style\n\u001b[36m<body>\u001b[39m\n  \u001b[36m<div>\u001b[39m\n    \u001b[36m<div\u001b[39m\n      \u001b[33mdata-testid\u001b[39m=\u001b[32m\"announcement-dialog\"\u001b[39m\n    \u001b[36m/>\u001b[39m\n  \u001b[36m</div>\u001b[39m\n\u001b[36m</body>\u001b[39m\n    at Object.getElementError (/Users/schwanndenkuo/Documents/personal/chabod/node_modules/@testing-library/dom/dist/config.js:37:19)\n    at /Users/schwanndenkuo/Documents/personal/chabod/node_modules/@testing-library/dom/dist/query-helpers.js:76:38\n    at /Users/schwanndenkuo/Documents/personal/chabod/node_modules/@testing-library/dom/dist/query-helpers.js:52:17\n    at /Users/schwanndenkuo/Documents/personal/chabod/node_modules/@testing-library/dom/dist/query-helpers.js:95:19\n    at Object.<anonymous> (/Users/schwanndenkuo/Documents/personal/chabod/tests/ui/components/shared/AnnouncementDialog.test.tsx:79:19)\n    at Promise.then.completed (/Users/schwanndenkuo/Documents/personal/chabod/node_modules/jest-circus/build/utils.js:298:28)\n    at new Promise (<anonymous>)\n    at callAsyncCircusFn (/Users/schwanndenkuo/Documents/personal/chabod/node_modules/jest-circus/build/utils.js:231:10)\n    at _callCircusTest (/Users/schwanndenkuo/Documents/personal/chabod/node_modules/jest-circus/build/run.js:316:40)\n    at processTicksAndRejections (node:internal/process/task_queues:105:5)\n    at _runTest (/Users/schwanndenkuo/Documents/personal/chabod/node_modules/jest-circus/build/run.js:252:3)\n    at _runTestsForDescribeBlock (/Users/schwanndenkuo/Documents/personal/chabod/node_modules/jest-circus/build/run.js:126:9)\n    at _runTestsForDescribeBlock (/Users/schwanndenkuo/Documents/personal/chabod/node_modules/jest-circus/build/run.js:121:9)\n    at run (/Users/schwanndenkuo/Documents/personal/chabod/node_modules/jest-circus/build/run.js:71:3)\n    at runAndTransformResultsToJestFormat (/Users/schwanndenkuo/Documents/personal/chabod/node_modules/jest-circus/build/legacy-code-todo-rewrite/jestAdapterInit.js:122:21)\n    at jestAdapter (/Users/schwanndenkuo/Documents/personal/chabod/node_modules/jest-circus/build/legacy-code-todo-rewrite/jestAdapter.js:79:19)\n    at runTestInternal (/Users/schwanndenkuo/Documents/personal/chabod/node_modules/jest-runner/build/runTest.js:367:16)\n    at runTest (/Users/schwanndenkuo/Documents/personal/chabod/node_modules/jest-runner/build/runTest.js:444:34)\n    at Object.worker (/Users/schwanndenkuo/Documents/personal/chabod/node_modules/jest-runner/build/testWorker.js:106:12)"
          ],
          "fullName": "AnnouncementDialog should render with default text when custom text is not provided",
          "invocations": 1,
          "location": null,
          "numPassingAsserts": 0,
          "retryReasons": [],
          "status": "failed",
          "title": "should render with default text when custom text is not provided"
        },
        {
          "ancestorTitles": ["AnnouncementDialog"],
          "duration": 2,
          "failureDetails": [{ "name": "TestingLibraryElementError" }],
          "failureMessages": [
            "TestingLibraryElementError: Unable to find an element with the text: bold text. This could be because the text is broken up by multiple elements. In this case, you can provide a function for your text matcher to make your matcher more flexible.\n\nIgnored nodes: comments, script, style\n\u001b[36m<body>\u001b[39m\n  \u001b[36m<div>\u001b[39m\n    \u001b[36m<div\u001b[39m\n      \u001b[33mdata-testid\u001b[39m=\u001b[32m\"announcement-dialog\"\u001b[39m\n    \u001b[36m/>\u001b[39m\n  \u001b[36m</div>\u001b[39m\n\u001b[36m</body>\u001b[39m\n    at Object.getElementError (/Users/schwanndenkuo/Documents/personal/chabod/node_modules/@testing-library/dom/dist/config.js:37:19)\n    at /Users/schwanndenkuo/Documents/personal/chabod/node_modules/@testing-library/dom/dist/query-helpers.js:76:38\n    at /Users/schwanndenkuo/Documents/personal/chabod/node_modules/@testing-library/dom/dist/query-helpers.js:52:17\n    at /Users/schwanndenkuo/Documents/personal/chabod/node_modules/@testing-library/dom/dist/query-helpers.js:95:19\n    at Object.<anonymous> (/Users/schwanndenkuo/Documents/personal/chabod/tests/ui/components/shared/AnnouncementDialog.test.tsx:97:19)\n    at Promise.then.completed (/Users/schwanndenkuo/Documents/personal/chabod/node_modules/jest-circus/build/utils.js:298:28)\n    at new Promise (<anonymous>)\n    at callAsyncCircusFn (/Users/schwanndenkuo/Documents/personal/chabod/node_modules/jest-circus/build/utils.js:231:10)\n    at _callCircusTest (/Users/schwanndenkuo/Documents/personal/chabod/node_modules/jest-circus/build/run.js:316:40)\n    at processTicksAndRejections (node:internal/process/task_queues:105:5)\n    at _runTest (/Users/schwanndenkuo/Documents/personal/chabod/node_modules/jest-circus/build/run.js:252:3)\n    at _runTestsForDescribeBlock (/Users/schwanndenkuo/Documents/personal/chabod/node_modules/jest-circus/build/run.js:126:9)\n    at _runTestsForDescribeBlock (/Users/schwanndenkuo/Documents/personal/chabod/node_modules/jest-circus/build/run.js:121:9)\n    at run (/Users/schwanndenkuo/Documents/personal/chabod/node_modules/jest-circus/build/run.js:71:3)\n    at runAndTransformResultsToJestFormat (/Users/schwanndenkuo/Documents/personal/chabod/node_modules/jest-circus/build/legacy-code-todo-rewrite/jestAdapterInit.js:122:21)\n    at jestAdapter (/Users/schwanndenkuo/Documents/personal/chabod/node_modules/jest-circus/build/legacy-code-todo-rewrite/jestAdapter.js:79:19)\n    at runTestInternal (/Users/schwanndenkuo/Documents/personal/chabod/node_modules/jest-runner/build/runTest.js:367:16)\n    at runTest (/Users/schwanndenkuo/Documents/personal/chabod/node_modules/jest-runner/build/runTest.js:444:34)\n    at Object.worker (/Users/schwanndenkuo/Documents/personal/chabod/node_modules/jest-runner/build/testWorker.js:106:12)"
          ],
          "fullName": "AnnouncementDialog should render HTML content in message",
          "invocations": 1,
          "location": null,
          "numPassingAsserts": 0,
          "retryReasons": [],
          "status": "failed",
          "title": "should render HTML content in message"
        },
        {
          "ancestorTitles": ["AnnouncementDialog"],
          "duration": 4,
          "failureDetails": [{ "name": "TestingLibraryElementError" }],
          "failureMessages": [
            "TestingLibraryElementError: Unable to find an accessible element with the role \"dialog\"\n\nThere are no accessible roles. But there might be some inaccessible roles. If you wish to access them, then set the `hidden` option to `true`. Learn more about this here: https://testing-library.com/docs/dom-testing-library/api-queries#byrole\n\nIgnored nodes: comments, script, style\n\u001b[36m<body>\u001b[39m\n  \u001b[36m<div>\u001b[39m\n    \u001b[36m<div\u001b[39m\n      \u001b[33mdata-testid\u001b[39m=\u001b[32m\"announcement-dialog\"\u001b[39m\n    \u001b[36m/>\u001b[39m\n  \u001b[36m</div>\u001b[39m\n\u001b[36m</body>\u001b[39m\n    at Object.getElementError (/Users/schwanndenkuo/Documents/personal/chabod/node_modules/@testing-library/dom/dist/config.js:37:19)\n    at /Users/schwanndenkuo/Documents/personal/chabod/node_modules/@testing-library/dom/dist/query-helpers.js:76:38\n    at /Users/schwanndenkuo/Documents/personal/chabod/node_modules/@testing-library/dom/dist/query-helpers.js:52:17\n    at /Users/schwanndenkuo/Documents/personal/chabod/node_modules/@testing-library/dom/dist/query-helpers.js:95:19\n    at /Users/schwanndenkuo/Documents/personal/chabod/tests/ui/components/shared/AnnouncementDialog.test.tsx:115:21\n    at Array.forEach (<anonymous>)\n    at Object.<anonymous> (/Users/schwanndenkuo/Documents/personal/chabod/tests/ui/components/shared/AnnouncementDialog.test.tsx:105:15)\n    at Promise.then.completed (/Users/schwanndenkuo/Documents/personal/chabod/node_modules/jest-circus/build/utils.js:298:28)\n    at new Promise (<anonymous>)\n    at callAsyncCircusFn (/Users/schwanndenkuo/Documents/personal/chabod/node_modules/jest-circus/build/utils.js:231:10)\n    at _callCircusTest (/Users/schwanndenkuo/Documents/personal/chabod/node_modules/jest-circus/build/run.js:316:40)\n    at processTicksAndRejections (node:internal/process/task_queues:105:5)\n    at _runTest (/Users/schwanndenkuo/Documents/personal/chabod/node_modules/jest-circus/build/run.js:252:3)\n    at _runTestsForDescribeBlock (/Users/schwanndenkuo/Documents/personal/chabod/node_modules/jest-circus/build/run.js:126:9)\n    at _runTestsForDescribeBlock (/Users/schwanndenkuo/Documents/personal/chabod/node_modules/jest-circus/build/run.js:121:9)\n    at run (/Users/schwanndenkuo/Documents/personal/chabod/node_modules/jest-circus/build/run.js:71:3)\n    at runAndTransformResultsToJestFormat (/Users/schwanndenkuo/Documents/personal/chabod/node_modules/jest-circus/build/legacy-code-todo-rewrite/jestAdapterInit.js:122:21)\n    at jestAdapter (/Users/schwanndenkuo/Documents/personal/chabod/node_modules/jest-circus/build/legacy-code-todo-rewrite/jestAdapter.js:79:19)\n    at runTestInternal (/Users/schwanndenkuo/Documents/personal/chabod/node_modules/jest-runner/build/runTest.js:367:16)\n    at runTest (/Users/schwanndenkuo/Documents/personal/chabod/node_modules/jest-runner/build/runTest.js:444:34)\n    at Object.worker (/Users/schwanndenkuo/Documents/personal/chabod/node_modules/jest-runner/build/testWorker.js:106:12)"
          ],
          "fullName": "AnnouncementDialog should render different icon types",
          "invocations": 1,
          "location": null,
          "numPassingAsserts": 0,
          "retryReasons": [],
          "status": "failed",
          "title": "should render different icon types"
        },
        {
          "ancestorTitles": ["AnnouncementDialog"],
          "duration": 3,
          "failureDetails": [{ "name": "TestingLibraryElementError" }],
          "failureMessages": [
            "TestingLibraryElementError: Unable to find an accessible element with the role \"dialog\"\n\nThere are no accessible roles. But there might be some inaccessible roles. If you wish to access them, then set the `hidden` option to `true`. Learn more about this here: https://testing-library.com/docs/dom-testing-library/api-queries#byrole\n\nIgnored nodes: comments, script, style\n\u001b[36m<body>\u001b[39m\n  \u001b[36m<div>\u001b[39m\n    \u001b[36m<div\u001b[39m\n      \u001b[33mdata-testid\u001b[39m=\u001b[32m\"announcement-dialog\"\u001b[39m\n    \u001b[36m/>\u001b[39m\n  \u001b[36m</div>\u001b[39m\n\u001b[36m</body>\u001b[39m\n    at Object.getElementError (/Users/schwanndenkuo/Documents/personal/chabod/node_modules/@testing-library/dom/dist/config.js:37:19)\n    at /Users/schwanndenkuo/Documents/personal/chabod/node_modules/@testing-library/dom/dist/query-helpers.js:76:38\n    at /Users/schwanndenkuo/Documents/personal/chabod/node_modules/@testing-library/dom/dist/query-helpers.js:52:17\n    at /Users/schwanndenkuo/Documents/personal/chabod/node_modules/@testing-library/dom/dist/query-helpers.js:95:19\n    at Object.<anonymous> (/Users/schwanndenkuo/Documents/personal/chabod/tests/ui/components/shared/AnnouncementDialog.test.tsx:132:27)\n    at Promise.then.completed (/Users/schwanndenkuo/Documents/personal/chabod/node_modules/jest-circus/build/utils.js:298:28)\n    at new Promise (<anonymous>)\n    at callAsyncCircusFn (/Users/schwanndenkuo/Documents/personal/chabod/node_modules/jest-circus/build/utils.js:231:10)\n    at _callCircusTest (/Users/schwanndenkuo/Documents/personal/chabod/node_modules/jest-circus/build/run.js:316:40)\n    at processTicksAndRejections (node:internal/process/task_queues:105:5)\n    at _runTest (/Users/schwanndenkuo/Documents/personal/chabod/node_modules/jest-circus/build/run.js:252:3)\n    at _runTestsForDescribeBlock (/Users/schwanndenkuo/Documents/personal/chabod/node_modules/jest-circus/build/run.js:126:9)\n    at _runTestsForDescribeBlock (/Users/schwanndenkuo/Documents/personal/chabod/node_modules/jest-circus/build/run.js:121:9)\n    at run (/Users/schwanndenkuo/Documents/personal/chabod/node_modules/jest-circus/build/run.js:71:3)\n    at runAndTransformResultsToJestFormat (/Users/schwanndenkuo/Documents/personal/chabod/node_modules/jest-circus/build/legacy-code-todo-rewrite/jestAdapterInit.js:122:21)\n    at jestAdapter (/Users/schwanndenkuo/Documents/personal/chabod/node_modules/jest-circus/build/legacy-code-todo-rewrite/jestAdapter.js:79:19)\n    at runTestInternal (/Users/schwanndenkuo/Documents/personal/chabod/node_modules/jest-runner/build/runTest.js:367:16)\n    at runTest (/Users/schwanndenkuo/Documents/personal/chabod/node_modules/jest-runner/build/runTest.js:444:34)\n    at Object.worker (/Users/schwanndenkuo/Documents/personal/chabod/node_modules/jest-runner/build/testWorker.js:106:12)"
          ],
          "fullName": "AnnouncementDialog should call onDismiss with false when dialog is closed via overlay",
          "invocations": 1,
          "location": null,
          "numPassingAsserts": 0,
          "retryReasons": [],
          "status": "failed",
          "title": "should call onDismiss with false when dialog is closed via overlay"
        },
        {
          "ancestorTitles": ["AnnouncementDialog"],
          "duration": 3,
          "failureDetails": [{ "name": "TestingLibraryElementError" }],
          "failureMessages": [
            "TestingLibraryElementError: Unable to find an accessible element with the role \"button\" and name \"Got it\"\n\nThere are no accessible roles. But there might be some inaccessible roles. If you wish to access them, then set the `hidden` option to `true`. Learn more about this here: https://testing-library.com/docs/dom-testing-library/api-queries#byrole\n\nIgnored nodes: comments, script, style\n\u001b[36m<body>\u001b[39m\n  \u001b[36m<div>\u001b[39m\n    \u001b[36m<div\u001b[39m\n      \u001b[33mdata-testid\u001b[39m=\u001b[32m\"announcement-dialog\"\u001b[39m\n    \u001b[36m/>\u001b[39m\n  \u001b[36m</div>\u001b[39m\n\u001b[36m</body>\u001b[39m\n    at Object.getElementError (/Users/schwanndenkuo/Documents/personal/chabod/node_modules/@testing-library/dom/dist/config.js:37:19)\n    at /Users/schwanndenkuo/Documents/personal/chabod/node_modules/@testing-library/dom/dist/query-helpers.js:76:38\n    at /Users/schwanndenkuo/Documents/personal/chabod/node_modules/@testing-library/dom/dist/query-helpers.js:52:17\n    at /Users/schwanndenkuo/Documents/personal/chabod/node_modules/@testing-library/dom/dist/query-helpers.js:95:19\n    at Object.<anonymous> (/Users/schwanndenkuo/Documents/personal/chabod/tests/ui/components/shared/AnnouncementDialog.test.tsx:149:37)\n    at Promise.then.completed (/Users/schwanndenkuo/Documents/personal/chabod/node_modules/jest-circus/build/utils.js:298:28)\n    at new Promise (<anonymous>)\n    at callAsyncCircusFn (/Users/schwanndenkuo/Documents/personal/chabod/node_modules/jest-circus/build/utils.js:231:10)\n    at _callCircusTest (/Users/schwanndenkuo/Documents/personal/chabod/node_modules/jest-circus/build/run.js:316:40)\n    at processTicksAndRejections (node:internal/process/task_queues:105:5)\n    at _runTest (/Users/schwanndenkuo/Documents/personal/chabod/node_modules/jest-circus/build/run.js:252:3)\n    at _runTestsForDescribeBlock (/Users/schwanndenkuo/Documents/personal/chabod/node_modules/jest-circus/build/run.js:126:9)\n    at _runTestsForDescribeBlock (/Users/schwanndenkuo/Documents/personal/chabod/node_modules/jest-circus/build/run.js:121:9)\n    at run (/Users/schwanndenkuo/Documents/personal/chabod/node_modules/jest-circus/build/run.js:71:3)\n    at runAndTransformResultsToJestFormat (/Users/schwanndenkuo/Documents/personal/chabod/node_modules/jest-circus/build/legacy-code-todo-rewrite/jestAdapterInit.js:122:21)\n    at jestAdapter (/Users/schwanndenkuo/Documents/personal/chabod/node_modules/jest-circus/build/legacy-code-todo-rewrite/jestAdapter.js:79:19)\n    at runTestInternal (/Users/schwanndenkuo/Documents/personal/chabod/node_modules/jest-runner/build/runTest.js:367:16)\n    at runTest (/Users/schwanndenkuo/Documents/personal/chabod/node_modules/jest-runner/build/runTest.js:444:34)\n    at Object.worker (/Users/schwanndenkuo/Documents/personal/chabod/node_modules/jest-runner/build/testWorker.js:106:12)"
          ],
          "fullName": "AnnouncementDialog should call onDismiss with false when understood button is clicked without checkbox",
          "invocations": 1,
          "location": null,
          "numPassingAsserts": 0,
          "retryReasons": [],
          "status": "failed",
          "title": "should call onDismiss with false when understood button is clicked without checkbox"
        },
        {
          "ancestorTitles": ["AnnouncementDialog"],
          "duration": 6,
          "failureDetails": [{ "name": "TestingLibraryElementError" }],
          "failureMessages": [
            "TestingLibraryElementError: Unable to find an accessible element with the role \"checkbox\"\n\nThere are no accessible roles. But there might be some inaccessible roles. If you wish to access them, then set the `hidden` option to `true`. Learn more about this here: https://testing-library.com/docs/dom-testing-library/api-queries#byrole\n\nIgnored nodes: comments, script, style\n\u001b[36m<body>\u001b[39m\n  \u001b[36m<div>\u001b[39m\n    \u001b[36m<div\u001b[39m\n      \u001b[33mdata-testid\u001b[39m=\u001b[32m\"announcement-dialog\"\u001b[39m\n    \u001b[36m/>\u001b[39m\n  \u001b[36m</div>\u001b[39m\n\u001b[36m</body>\u001b[39m\n    at Object.getElementError (/Users/schwanndenkuo/Documents/personal/chabod/node_modules/@testing-library/dom/dist/config.js:37:19)\n    at /Users/schwanndenkuo/Documents/personal/chabod/node_modules/@testing-library/dom/dist/query-helpers.js:76:38\n    at /Users/schwanndenkuo/Documents/personal/chabod/node_modules/@testing-library/dom/dist/query-helpers.js:52:17\n    at /Users/schwanndenkuo/Documents/personal/chabod/node_modules/@testing-library/dom/dist/query-helpers.js:95:19\n    at Object.<anonymous> (/Users/schwanndenkuo/Documents/personal/chabod/tests/ui/components/shared/AnnouncementDialog.test.tsx:166:29)\n    at Promise.then.completed (/Users/schwanndenkuo/Documents/personal/chabod/node_modules/jest-circus/build/utils.js:298:28)\n    at new Promise (<anonymous>)\n    at callAsyncCircusFn (/Users/schwanndenkuo/Documents/personal/chabod/node_modules/jest-circus/build/utils.js:231:10)\n    at _callCircusTest (/Users/schwanndenkuo/Documents/personal/chabod/node_modules/jest-circus/build/run.js:316:40)\n    at processTicksAndRejections (node:internal/process/task_queues:105:5)\n    at _runTest (/Users/schwanndenkuo/Documents/personal/chabod/node_modules/jest-circus/build/run.js:252:3)\n    at _runTestsForDescribeBlock (/Users/schwanndenkuo/Documents/personal/chabod/node_modules/jest-circus/build/run.js:126:9)\n    at _runTestsForDescribeBlock (/Users/schwanndenkuo/Documents/personal/chabod/node_modules/jest-circus/build/run.js:121:9)\n    at run (/Users/schwanndenkuo/Documents/personal/chabod/node_modules/jest-circus/build/run.js:71:3)\n    at runAndTransformResultsToJestFormat (/Users/schwanndenkuo/Documents/personal/chabod/node_modules/jest-circus/build/legacy-code-todo-rewrite/jestAdapterInit.js:122:21)\n    at jestAdapter (/Users/schwanndenkuo/Documents/personal/chabod/node_modules/jest-circus/build/legacy-code-todo-rewrite/jestAdapter.js:79:19)\n    at runTestInternal (/Users/schwanndenkuo/Documents/personal/chabod/node_modules/jest-runner/build/runTest.js:367:16)\n    at runTest (/Users/schwanndenkuo/Documents/personal/chabod/node_modules/jest-runner/build/runTest.js:444:34)\n    at Object.worker (/Users/schwanndenkuo/Documents/personal/chabod/node_modules/jest-runner/build/testWorker.js:106:12)"
          ],
          "fullName": "AnnouncementDialog should call onDismiss with true when understood button is clicked with checkbox checked",
          "invocations": 1,
          "location": null,
          "numPassingAsserts": 0,
          "retryReasons": [],
          "status": "failed",
          "title": "should call onDismiss with true when understood button is clicked with checkbox checked"
        },
        {
          "ancestorTitles": ["AnnouncementDialog"],
          "duration": 3,
          "failureDetails": [{ "name": "TestingLibraryElementError" }],
          "failureMessages": [
            "TestingLibraryElementError: Unable to find an accessible element with the role \"checkbox\"\n\nThere are no accessible roles. But there might be some inaccessible roles. If you wish to access them, then set the `hidden` option to `true`. Learn more about this here: https://testing-library.com/docs/dom-testing-library/api-queries#byrole\n\nIgnored nodes: comments, script, style\n\u001b[36m<body>\u001b[39m\n  \u001b[36m<div>\u001b[39m\n    \u001b[36m<div\u001b[39m\n      \u001b[33mdata-testid\u001b[39m=\u001b[32m\"announcement-dialog\"\u001b[39m\n    \u001b[36m/>\u001b[39m\n  \u001b[36m</div>\u001b[39m\n\u001b[36m</body>\u001b[39m\n    at Object.getElementError (/Users/schwanndenkuo/Documents/personal/chabod/node_modules/@testing-library/dom/dist/config.js:37:19)\n    at /Users/schwanndenkuo/Documents/personal/chabod/node_modules/@testing-library/dom/dist/query-helpers.js:76:38\n    at /Users/schwanndenkuo/Documents/personal/chabod/node_modules/@testing-library/dom/dist/query-helpers.js:52:17\n    at /Users/schwanndenkuo/Documents/personal/chabod/node_modules/@testing-library/dom/dist/query-helpers.js:95:19\n    at Object.<anonymous> (/Users/schwanndenkuo/Documents/personal/chabod/tests/ui/components/shared/AnnouncementDialog.test.tsx:186:29)\n    at Promise.then.completed (/Users/schwanndenkuo/Documents/personal/chabod/node_modules/jest-circus/build/utils.js:298:28)\n    at new Promise (<anonymous>)\n    at callAsyncCircusFn (/Users/schwanndenkuo/Documents/personal/chabod/node_modules/jest-circus/build/utils.js:231:10)\n    at _callCircusTest (/Users/schwanndenkuo/Documents/personal/chabod/node_modules/jest-circus/build/run.js:316:40)\n    at processTicksAndRejections (node:internal/process/task_queues:105:5)\n    at _runTest (/Users/schwanndenkuo/Documents/personal/chabod/node_modules/jest-circus/build/run.js:252:3)\n    at _runTestsForDescribeBlock (/Users/schwanndenkuo/Documents/personal/chabod/node_modules/jest-circus/build/run.js:126:9)\n    at _runTestsForDescribeBlock (/Users/schwanndenkuo/Documents/personal/chabod/node_modules/jest-circus/build/run.js:121:9)\n    at run (/Users/schwanndenkuo/Documents/personal/chabod/node_modules/jest-circus/build/run.js:71:3)\n    at runAndTransformResultsToJestFormat (/Users/schwanndenkuo/Documents/personal/chabod/node_modules/jest-circus/build/legacy-code-todo-rewrite/jestAdapterInit.js:122:21)\n    at jestAdapter (/Users/schwanndenkuo/Documents/personal/chabod/node_modules/jest-circus/build/legacy-code-todo-rewrite/jestAdapter.js:79:19)\n    at runTestInternal (/Users/schwanndenkuo/Documents/personal/chabod/node_modules/jest-runner/build/runTest.js:367:16)\n    at runTest (/Users/schwanndenkuo/Documents/personal/chabod/node_modules/jest-runner/build/runTest.js:444:34)\n    at Object.worker (/Users/schwanndenkuo/Documents/personal/chabod/node_modules/jest-runner/build/testWorker.js:106:12)"
          ],
          "fullName": "AnnouncementDialog should toggle checkbox state when clicked",
          "invocations": 1,
          "location": null,
          "numPassingAsserts": 0,
          "retryReasons": [],
          "status": "failed",
          "title": "should toggle checkbox state when clicked"
        },
        {
          "ancestorTitles": ["AnnouncementDialog"],
          "duration": 2,
          "failureDetails": [{ "name": "TestingLibraryElementError" }],
          "failureMessages": [
            "TestingLibraryElementError: Unable to find an accessible element with the role \"checkbox\"\n\nThere are no accessible roles. But there might be some inaccessible roles. If you wish to access them, then set the `hidden` option to `true`. Learn more about this here: https://testing-library.com/docs/dom-testing-library/api-queries#byrole\n\nIgnored nodes: comments, script, style\n\u001b[36m<body>\u001b[39m\n  \u001b[36m<div>\u001b[39m\n    \u001b[36m<div\u001b[39m\n      \u001b[33mdata-testid\u001b[39m=\u001b[32m\"announcement-dialog\"\u001b[39m\n    \u001b[36m/>\u001b[39m\n  \u001b[36m</div>\u001b[39m\n\u001b[36m</body>\u001b[39m\n    at Object.getElementError (/Users/schwanndenkuo/Documents/personal/chabod/node_modules/@testing-library/dom/dist/config.js:37:19)\n    at /Users/schwanndenkuo/Documents/personal/chabod/node_modules/@testing-library/dom/dist/query-helpers.js:76:38\n    at /Users/schwanndenkuo/Documents/personal/chabod/node_modules/@testing-library/dom/dist/query-helpers.js:52:17\n    at /Users/schwanndenkuo/Documents/personal/chabod/node_modules/@testing-library/dom/dist/query-helpers.js:95:19\n    at Object.<anonymous> (/Users/schwanndenkuo/Documents/personal/chabod/tests/ui/components/shared/AnnouncementDialog.test.tsx:208:29)\n    at Promise.then.completed (/Users/schwanndenkuo/Documents/personal/chabod/node_modules/jest-circus/build/utils.js:298:28)\n    at new Promise (<anonymous>)\n    at callAsyncCircusFn (/Users/schwanndenkuo/Documents/personal/chabod/node_modules/jest-circus/build/utils.js:231:10)\n    at _callCircusTest (/Users/schwanndenkuo/Documents/personal/chabod/node_modules/jest-circus/build/run.js:316:40)\n    at processTicksAndRejections (node:internal/process/task_queues:105:5)\n    at _runTest (/Users/schwanndenkuo/Documents/personal/chabod/node_modules/jest-circus/build/run.js:252:3)\n    at _runTestsForDescribeBlock (/Users/schwanndenkuo/Documents/personal/chabod/node_modules/jest-circus/build/run.js:126:9)\n    at _runTestsForDescribeBlock (/Users/schwanndenkuo/Documents/personal/chabod/node_modules/jest-circus/build/run.js:121:9)\n    at run (/Users/schwanndenkuo/Documents/personal/chabod/node_modules/jest-circus/build/run.js:71:3)\n    at runAndTransformResultsToJestFormat (/Users/schwanndenkuo/Documents/personal/chabod/node_modules/jest-circus/build/legacy-code-todo-rewrite/jestAdapterInit.js:122:21)\n    at jestAdapter (/Users/schwanndenkuo/Documents/personal/chabod/node_modules/jest-circus/build/legacy-code-todo-rewrite/jestAdapter.js:79:19)\n    at runTestInternal (/Users/schwanndenkuo/Documents/personal/chabod/node_modules/jest-runner/build/runTest.js:367:16)\n    at runTest (/Users/schwanndenkuo/Documents/personal/chabod/node_modules/jest-runner/build/runTest.js:444:34)\n    at Object.worker (/Users/schwanndenkuo/Documents/personal/chabod/node_modules/jest-runner/build/testWorker.js:106:12)"
          ],
          "fullName": "AnnouncementDialog should reset checkbox state after dismissal",
          "invocations": 1,
          "location": null,
          "numPassingAsserts": 0,
          "retryReasons": [],
          "status": "failed",
          "title": "should reset checkbox state after dismissal"
        },
        {
          "ancestorTitles": ["AnnouncementDialog"],
          "duration": 2,
          "failureDetails": [{ "name": "TestingLibraryElementError" }],
          "failureMessages": [
            "TestingLibraryElementError: Unable to find an accessible element with the role \"dialog\"\n\nThere are no accessible roles. But there might be some inaccessible roles. If you wish to access them, then set the `hidden` option to `true`. Learn more about this here: https://testing-library.com/docs/dom-testing-library/api-queries#byrole\n\nIgnored nodes: comments, script, style\n\u001b[36m<body>\u001b[39m\n  \u001b[36m<div>\u001b[39m\n    \u001b[36m<div\u001b[39m\n      \u001b[33mdata-testid\u001b[39m=\u001b[32m\"announcement-dialog\"\u001b[39m\n    \u001b[36m/>\u001b[39m\n  \u001b[36m</div>\u001b[39m\n\u001b[36m</body>\u001b[39m\n    at Object.getElementError (/Users/schwanndenkuo/Documents/personal/chabod/node_modules/@testing-library/dom/dist/config.js:37:19)\n    at /Users/schwanndenkuo/Documents/personal/chabod/node_modules/@testing-library/dom/dist/query-helpers.js:76:38\n    at /Users/schwanndenkuo/Documents/personal/chabod/node_modules/@testing-library/dom/dist/query-helpers.js:52:17\n    at /Users/schwanndenkuo/Documents/personal/chabod/node_modules/@testing-library/dom/dist/query-helpers.js:95:19\n    at Object.<anonymous> (/Users/schwanndenkuo/Documents/personal/chabod/tests/ui/components/shared/AnnouncementDialog.test.tsx:243:27)\n    at Promise.then.completed (/Users/schwanndenkuo/Documents/personal/chabod/node_modules/jest-circus/build/utils.js:298:28)\n    at new Promise (<anonymous>)\n    at callAsyncCircusFn (/Users/schwanndenkuo/Documents/personal/chabod/node_modules/jest-circus/build/utils.js:231:10)\n    at _callCircusTest (/Users/schwanndenkuo/Documents/personal/chabod/node_modules/jest-circus/build/run.js:316:40)\n    at processTicksAndRejections (node:internal/process/task_queues:105:5)\n    at _runTest (/Users/schwanndenkuo/Documents/personal/chabod/node_modules/jest-circus/build/run.js:252:3)\n    at _runTestsForDescribeBlock (/Users/schwanndenkuo/Documents/personal/chabod/node_modules/jest-circus/build/run.js:126:9)\n    at _runTestsForDescribeBlock (/Users/schwanndenkuo/Documents/personal/chabod/node_modules/jest-circus/build/run.js:121:9)\n    at run (/Users/schwanndenkuo/Documents/personal/chabod/node_modules/jest-circus/build/run.js:71:3)\n    at runAndTransformResultsToJestFormat (/Users/schwanndenkuo/Documents/personal/chabod/node_modules/jest-circus/build/legacy-code-todo-rewrite/jestAdapterInit.js:122:21)\n    at jestAdapter (/Users/schwanndenkuo/Documents/personal/chabod/node_modules/jest-circus/build/legacy-code-todo-rewrite/jestAdapter.js:79:19)\n    at runTestInternal (/Users/schwanndenkuo/Documents/personal/chabod/node_modules/jest-runner/build/runTest.js:367:16)\n    at runTest (/Users/schwanndenkuo/Documents/personal/chabod/node_modules/jest-runner/build/runTest.js:444:34)\n    at Object.worker (/Users/schwanndenkuo/Documents/personal/chabod/node_modules/jest-runner/build/testWorker.js:106:12)"
          ],
          "fullName": "AnnouncementDialog should be accessible",
          "invocations": 1,
          "location": null,
          "numPassingAsserts": 0,
          "retryReasons": [],
          "status": "failed",
          "title": "should be accessible"
        },
        {
          "ancestorTitles": ["AnnouncementDialog"],
          "duration": 9,
          "failureDetails": [{ "name": "TestingLibraryElementError" }],
          "failureMessages": [
            "TestingLibraryElementError: Unable to find an accessible element with the role \"checkbox\"\n\nThere are no accessible roles. But there might be some inaccessible roles. If you wish to access them, then set the `hidden` option to `true`. Learn more about this here: https://testing-library.com/docs/dom-testing-library/api-queries#byrole\n\nIgnored nodes: comments, script, style\n\u001b[36m<body>\u001b[39m\n  \u001b[36m<div>\u001b[39m\n    \u001b[36m<div\u001b[39m\n      \u001b[33mdata-testid\u001b[39m=\u001b[32m\"announcement-dialog\"\u001b[39m\n    \u001b[36m/>\u001b[39m\n  \u001b[36m</div>\u001b[39m\n\u001b[36m</body>\u001b[39m\n    at Object.getElementError (/Users/schwanndenkuo/Documents/personal/chabod/node_modules/@testing-library/dom/dist/config.js:37:19)\n    at /Users/schwanndenkuo/Documents/personal/chabod/node_modules/@testing-library/dom/dist/query-helpers.js:76:38\n    at /Users/schwanndenkuo/Documents/personal/chabod/node_modules/@testing-library/dom/dist/query-helpers.js:52:17\n    at /Users/schwanndenkuo/Documents/personal/chabod/node_modules/@testing-library/dom/dist/query-helpers.js:95:19\n    at Object.<anonymous> (/Users/schwanndenkuo/Documents/personal/chabod/tests/ui/components/shared/AnnouncementDialog.test.tsx:267:19)"
          ],
          "fullName": "AnnouncementDialog should handle keyboard navigation",
          "invocations": 1,
          "location": null,
          "numPassingAsserts": 0,
          "retryReasons": [],
          "status": "failed",
          "title": "should handle keyboard navigation"
        },
        {
          "ancestorTitles": ["AnnouncementDialog"],
          "duration": 2,
          "failureDetails": [{ "name": "TestingLibraryElementError" }],
          "failureMessages": [
            "TestingLibraryElementError: Unable to find an accessible element with the role \"checkbox\"\n\nThere are no accessible roles. But there might be some inaccessible roles. If you wish to access them, then set the `hidden` option to `true`. Learn more about this here: https://testing-library.com/docs/dom-testing-library/api-queries#byrole\n\nIgnored nodes: comments, script, style\n\u001b[36m<body>\u001b[39m\n  \u001b[36m<div>\u001b[39m\n    \u001b[36m<div\u001b[39m\n      \u001b[33mdata-testid\u001b[39m=\u001b[32m\"announcement-dialog\"\u001b[39m\n    \u001b[36m/>\u001b[39m\n  \u001b[36m</div>\u001b[39m\n\u001b[36m</body>\u001b[39m\n    at Object.getElementError (/Users/schwanndenkuo/Documents/personal/chabod/node_modules/@testing-library/dom/dist/config.js:37:19)\n    at /Users/schwanndenkuo/Documents/personal/chabod/node_modules/@testing-library/dom/dist/query-helpers.js:76:38\n    at /Users/schwanndenkuo/Documents/personal/chabod/node_modules/@testing-library/dom/dist/query-helpers.js:52:17\n    at /Users/schwanndenkuo/Documents/personal/chabod/node_modules/@testing-library/dom/dist/query-helpers.js:95:19\n    at Object.<anonymous> (/Users/schwanndenkuo/Documents/personal/chabod/tests/ui/components/shared/AnnouncementDialog.test.tsx:289:29)\n    at Promise.then.completed (/Users/schwanndenkuo/Documents/personal/chabod/node_modules/jest-circus/build/utils.js:298:28)\n    at new Promise (<anonymous>)\n    at callAsyncCircusFn (/Users/schwanndenkuo/Documents/personal/chabod/node_modules/jest-circus/build/utils.js:231:10)\n    at _callCircusTest (/Users/schwanndenkuo/Documents/personal/chabod/node_modules/jest-circus/build/run.js:316:40)\n    at _runTest (/Users/schwanndenkuo/Documents/personal/chabod/node_modules/jest-circus/build/run.js:252:3)\n    at _runTestsForDescribeBlock (/Users/schwanndenkuo/Documents/personal/chabod/node_modules/jest-circus/build/run.js:126:9)\n    at _runTestsForDescribeBlock (/Users/schwanndenkuo/Documents/personal/chabod/node_modules/jest-circus/build/run.js:121:9)\n    at run (/Users/schwanndenkuo/Documents/personal/chabod/node_modules/jest-circus/build/run.js:71:3)\n    at runAndTransformResultsToJestFormat (/Users/schwanndenkuo/Documents/personal/chabod/node_modules/jest-circus/build/legacy-code-todo-rewrite/jestAdapterInit.js:122:21)\n    at jestAdapter (/Users/schwanndenkuo/Documents/personal/chabod/node_modules/jest-circus/build/legacy-code-todo-rewrite/jestAdapter.js:79:19)\n    at runTestInternal (/Users/schwanndenkuo/Documents/personal/chabod/node_modules/jest-runner/build/runTest.js:367:16)\n    at runTest (/Users/schwanndenkuo/Documents/personal/chabod/node_modules/jest-runner/build/runTest.js:444:34)\n    at Object.worker (/Users/schwanndenkuo/Documents/personal/chabod/node_modules/jest-runner/build/testWorker.js:106:12)"
          ],
          "fullName": "AnnouncementDialog should handle space key on checkbox",
          "invocations": 1,
          "location": null,
          "numPassingAsserts": 0,
          "retryReasons": [],
          "status": "failed",
          "title": "should handle space key on checkbox"
        }
      ],
      "endTime": 1749528570260,
      "message": "\u001b[1m\u001b[31m  \u001b[1m● \u001b[22m\u001b[1mAnnouncementDialog › should render announcement dialog with all content\u001b[39m\u001b[22m\n\n    TestingLibraryElementError: Unable to find an accessible element with the role \"dialog\"\n\n    There are no accessible roles. But there might be some inaccessible roles. If you wish to access them, then set the `hidden` option to `true`. Learn more about this here: https://testing-library.com/docs/dom-testing-library/api-queries#byrole\n\n    Ignored nodes: comments, script, style\n    \u001b[36m<body>\u001b[39m\n      \u001b[36m<div>\u001b[39m\n        \u001b[36m<div\u001b[39m\n          \u001b[33mdata-testid\u001b[39m=\u001b[32m\"announcement-dialog\"\u001b[39m\n        \u001b[36m/>\u001b[39m\n      \u001b[36m</div>\u001b[39m\n    \u001b[36m</body>\u001b[39m\n\u001b[2m\u001b[22m\n\u001b[2m    \u001b[0m \u001b[90m 54 |\u001b[39m     )\u001b[33m;\u001b[39m\u001b[22m\n\u001b[2m     \u001b[90m 55 |\u001b[39m\u001b[22m\n\u001b[2m    \u001b[31m\u001b[1m>\u001b[22m\u001b[2m\u001b[39m\u001b[90m 56 |\u001b[39m     expect(screen\u001b[33m.\u001b[39mgetByRole(\u001b[32m\"dialog\"\u001b[39m))\u001b[33m.\u001b[39mtoBeInTheDocument()\u001b[33m;\u001b[39m\u001b[22m\n\u001b[2m     \u001b[90m    |\u001b[39m                   \u001b[31m\u001b[1m^\u001b[22m\u001b[2m\u001b[39m\u001b[22m\n\u001b[2m     \u001b[90m 57 |\u001b[39m     expect(screen\u001b[33m.\u001b[39mgetByText(\u001b[32m\"Test Title\"\u001b[39m))\u001b[33m.\u001b[39mtoBeInTheDocument()\u001b[33m;\u001b[39m\u001b[22m\n\u001b[2m     \u001b[90m 58 |\u001b[39m     expect(screen\u001b[33m.\u001b[39mgetByText(\u001b[32m\"Test Message\"\u001b[39m))\u001b[33m.\u001b[39mtoBeInTheDocument()\u001b[33m;\u001b[39m\u001b[22m\n\u001b[2m     \u001b[90m 59 |\u001b[39m     expect(screen\u001b[33m.\u001b[39mgetByText(\u001b[32m\"Don't show this again\"\u001b[39m))\u001b[33m.\u001b[39mtoBeInTheDocument()\u001b[33m;\u001b[39m\u001b[0m\u001b[22m\n\u001b[2m\u001b[22m\n\u001b[2m      \u001b[2mat Object.getElementError (\u001b[22m\u001b[2mnode_modules/@testing-library/dom/dist/config.js\u001b[2m:37:19)\u001b[22m\u001b[2m\u001b[22m\n\u001b[2m      \u001b[2mat \u001b[22m\u001b[2mnode_modules/@testing-library/dom/dist/query-helpers.js\u001b[2m:76:38\u001b[22m\u001b[2m\u001b[22m\n\u001b[2m      \u001b[2mat \u001b[22m\u001b[2mnode_modules/@testing-library/dom/dist/query-helpers.js\u001b[2m:52:17\u001b[22m\u001b[2m\u001b[22m\n\u001b[2m      \u001b[2mat \u001b[22m\u001b[2mnode_modules/@testing-library/dom/dist/query-helpers.js\u001b[2m:95:19\u001b[22m\u001b[2m\u001b[22m\n\u001b[2m      \u001b[2mat Object.<anonymous> (\u001b[22m\u001b[2m\u001b[0m\u001b[36mtests/ui/components/shared/AnnouncementDialog.test.tsx\u001b[39m\u001b[0m\u001b[2m:56:19)\u001b[22m\u001b[2m\u001b[22m\n\n\u001b[1m\u001b[31m  \u001b[1m● \u001b[22m\u001b[1mAnnouncementDialog › should render with default text when custom text is not provided\u001b[39m\u001b[22m\n\n    TestingLibraryElementError: Unable to find an element with the text: common.dontShowAgain. This could be because the text is broken up by multiple elements. In this case, you can provide a function for your text matcher to make your matcher more flexible.\n\n    Ignored nodes: comments, script, style\n    \u001b[36m<body>\u001b[39m\n      \u001b[36m<div>\u001b[39m\n        \u001b[36m<div\u001b[39m\n          \u001b[33mdata-testid\u001b[39m=\u001b[32m\"announcement-dialog\"\u001b[39m\n        \u001b[36m/>\u001b[39m\n      \u001b[36m</div>\u001b[39m\n    \u001b[36m</body>\u001b[39m\n\u001b[2m\u001b[22m\n\u001b[2m    \u001b[0m \u001b[90m 77 |\u001b[39m     )\u001b[33m;\u001b[39m\u001b[22m\n\u001b[2m     \u001b[90m 78 |\u001b[39m\u001b[22m\n\u001b[2m    \u001b[31m\u001b[1m>\u001b[22m\u001b[2m\u001b[39m\u001b[90m 79 |\u001b[39m     expect(screen\u001b[33m.\u001b[39mgetByText(\u001b[32m\"common.dontShowAgain\"\u001b[39m))\u001b[33m.\u001b[39mtoBeInTheDocument()\u001b[33m;\u001b[39m\u001b[22m\n\u001b[2m     \u001b[90m    |\u001b[39m                   \u001b[31m\u001b[1m^\u001b[22m\u001b[2m\u001b[39m\u001b[22m\n\u001b[2m     \u001b[90m 80 |\u001b[39m     expect(screen\u001b[33m.\u001b[39mgetByRole(\u001b[32m\"button\"\u001b[39m\u001b[33m,\u001b[39m { name\u001b[33m:\u001b[39m \u001b[32m\"common.understood\"\u001b[39m }))\u001b[33m.\u001b[39mtoBeInTheDocument()\u001b[33m;\u001b[39m\u001b[22m\n\u001b[2m     \u001b[90m 81 |\u001b[39m   })\u001b[33m;\u001b[39m\u001b[22m\n\u001b[2m     \u001b[90m 82 |\u001b[39m\u001b[0m\u001b[22m\n\u001b[2m\u001b[22m\n\u001b[2m      \u001b[2mat Object.getElementError (\u001b[22m\u001b[2mnode_modules/@testing-library/dom/dist/config.js\u001b[2m:37:19)\u001b[22m\u001b[2m\u001b[22m\n\u001b[2m      \u001b[2mat \u001b[22m\u001b[2mnode_modules/@testing-library/dom/dist/query-helpers.js\u001b[2m:76:38\u001b[22m\u001b[2m\u001b[22m\n\u001b[2m      \u001b[2mat \u001b[22m\u001b[2mnode_modules/@testing-library/dom/dist/query-helpers.js\u001b[2m:52:17\u001b[22m\u001b[2m\u001b[22m\n\u001b[2m      \u001b[2mat \u001b[22m\u001b[2mnode_modules/@testing-library/dom/dist/query-helpers.js\u001b[2m:95:19\u001b[22m\u001b[2m\u001b[22m\n\u001b[2m      \u001b[2mat Object.<anonymous> (\u001b[22m\u001b[2m\u001b[0m\u001b[36mtests/ui/components/shared/AnnouncementDialog.test.tsx\u001b[39m\u001b[0m\u001b[2m:79:19)\u001b[22m\u001b[2m\u001b[22m\n\n\u001b[1m\u001b[31m  \u001b[1m● \u001b[22m\u001b[1mAnnouncementDialog › should render HTML content in message\u001b[39m\u001b[22m\n\n    TestingLibraryElementError: Unable to find an element with the text: bold text. This could be because the t
[...]
          "duration": 5,
          "failureDetails": [],
          "failureMessages": [],
          "fullName": "AuthPage (Tenant) User Authentication and Access should redirect authenticated users with access to tenant dashboard",
          "invocations": 1,
          "location": null,
          "numPassingAsserts": 1,
          "retryReasons": [],
          "status": "passed",
          "title": "should redirect authenticated users with access to tenant dashboard"
        },
        {
          "ancestorTitles": ["AuthPage (Tenant)", "User Authentication and Access"],
          "duration": 12,
          "failureDetails": [],
          "failureMessages": [],
          "fullName": "AuthPage (Tenant) User Authentication and Access should not redirect authenticated users without access and no invite token",
          "invocations": 1,
          "location": null,
          "numPassingAsserts": 2,
          "retryReasons": [],
          "status": "passed",
          "title": "should not redirect authenticated users without access and no invite token"
        },
        {
          "ancestorTitles": ["AuthPage (Tenant)", "User Authentication and Access"],
          "duration": 7,
          "failureDetails": [],
          "failureMessages": [],
          "fullName": "AuthPage (Tenant) User Authentication and Access should show auth form for authenticated users without access but with invite token",
          "invocations": 1,
          "location": null,
          "numPassingAsserts": 3,
          "retryReasons": [],
          "status": "passed",
          "title": "should show auth form for authenticated users without access but with invite token"
        },
        {
          "ancestorTitles": ["AuthPage (Tenant)", "User Authentication and Access"],
          "duration": 5,
          "failureDetails": [],
          "failureMessages": [],
          "fullName": "AuthPage (Tenant) User Authentication and Access should handle authentication check errors gracefully",
          "invocations": 1,
          "location": null,
          "numPassingAsserts": 2,
          "retryReasons": [],
          "status": "passed",
          "title": "should handle authentication check errors gracefully"
        },
        {
          "ancestorTitles": ["AuthPage (Tenant)", "Auth Form Display"],
          "duration": 5,
          "failureDetails": [],
          "failureMessages": [],
          "fullName": "AuthPage (Tenant) Auth Form Display should display tenant name and auth form when tenant exists",
          "invocations": 1,
          "location": null,
          "numPassingAsserts": 4,
          "retryReasons": [],
          "status": "passed",
          "title": "should display tenant name and auth form when tenant exists"
        },
        {
          "ancestorTitles": ["AuthPage (Tenant)", "Auth Form Display"],
          "duration": 4,
          "failureDetails": [],
          "failureMessages": [],
          "fullName": "AuthPage (Tenant) Auth Form Display should pass correct props to AuthTabs component",
          "invocations": 1,
          "location": null,
          "numPassingAsserts": 3,
          "retryReasons": [],
          "status": "passed",
          "title": "should pass correct props to AuthTabs component"
        },
        {
          "ancestorTitles": ["AuthPage (Tenant)", "Authentication Success Handler"],
          "duration": 16,
          "failureDetails": [],
          "failureMessages": [],
          "fullName": "AuthPage (Tenant) Authentication Success Handler should navigate to tenant dashboard on successful authentication",
          "invocations": 1,
          "location": null,
          "numPassingAsserts": 2,
          "retryReasons": [],
          "status": "passed",
          "title": "should navigate to tenant dashboard on successful authentication"
        },
        {
          "ancestorTitles": ["AuthPage (Tenant)", "Error Page Display"],
          "duration": 5,
          "failureDetails": [],
          "failureMessages": [],
          "fullName": "AuthPage (Tenant) Error Page Display should show error page when tenant is not found",
          "invocations": 1,
          "location": null,
          "numPassingAsserts": 2,
          "retryReasons": [],
          "status": "passed",
          "title": "should show error page when tenant is not found"
        },
        {
          "ancestorTitles": ["AuthPage (Tenant)", "Error Page Display"],
          "duration": 13,
          "failureDetails": [],
          "failureMessages": [],
          "fullName": "AuthPage (Tenant) Error Page Display should allow navigation back to home from error page",
          "invocations": 1,
          "location": null,
          "numPassingAsserts": 2,
          "retryReasons": [],
          "status": "passed",
          "title": "should allow navigation back to home from error page"
        },
        {
          "ancestorTitles": ["AuthPage (Tenant)", "Loading States"],
          "duration": 1,
          "failureDetails": [],
          "failureMessages": [],
          "fullName": "AuthPage (Tenant) Loading States should show session loading state",
          "invocations": 1,
          "location": null,
          "numPassingAsserts": 1,
          "retryReasons": [],
          "status": "passed",
          "title": "should show session loading state"
        },
        {
          "ancestorTitles": ["AuthPage (Tenant)", "Loading States"],
          "duration": 2,
          "failureDetails": [],
          "failureMessages": [],
          "fullName": "AuthPage (Tenant) Loading States should show tenant loading spinner",
          "invocations": 1,
          "location": null,
          "numPassingAsserts": 2,
          "retryReasons": [],
          "status": "passed",
          "title": "should show tenant loading spinner"
        },
        {
          "ancestorTitles": ["AuthPage (Tenant)", "Edge Cases"],
          "duration": 1,
          "failureDetails": [],
          "failureMessages": [],
          "fullName": "AuthPage (Tenant) Edge Cases should handle missing slug parameter",
          "invocations": 1,
          "location": null,
          "numPassingAsserts": 1,
          "retryReasons": [],
          "status": "passed",
          "title": "should handle missing slug parameter"
        },
        {
          "ancestorTitles": ["AuthPage (Tenant)", "Edge Cases"],
          "duration": 3,
          "failureDetails": [],
          "failureMessages": [],
          "fullName": "AuthPage (Tenant) Edge Cases should handle rapid state changes during loading",
          "invocations": 1,
          "location": null,
          "numPassingAsserts": 2,
          "retryReasons": [],
          "status": "passed",
          "title": "should handle rapid state changes during loading"
        },
        {
          "ancestorTitles": ["AuthPage (Tenant)", "Edge Cases"],
          "duration": 2,
          "failureDetails": [],
          "failureMessages": [],
          "fullName": "AuthPage (Tenant) Edge Cases should handle missing user during authentication check",
          "invocations": 1,
          "location": null,
          "numPassingAsserts": 1,
          "retryReasons": [],
          "status": "passed",
          "title": "should handle missing user during authentication check"
        },
        {
          "ancestorTitles": ["AuthPage (Tenant)", "Edge Cases"],
          "duration": 5,
          "failureDetails": [],
          "failureMessages": [],
          "fullName": "AuthPage (Tenant) Edge Cases should handle session loading to user state transition",
          "invocations": 1,
          "location": null,
          "numPassingAsserts": 2,
          "retryReasons": [],
          "status": "passed",
          "title": "should handle session loading to user state transition"
        }
      ],
      "endTime": 1749528570778,
      "message": "",
      "name": "/Users/schwanndenkuo/Documents/personal/chabod/tests/ui/pages/tenant/AuthPage.test.tsx",
      "startTime": 1749528570565,
      "status": "passed",
      "summary": ""
    },
    {
      "assertionResults": [
        {
          "ancestorTitles": ["EventPage", "Rendering"],
          "duration": 24,
          "failureDetails": [],
          "failureMessages": [],
          "fullName": "EventPage Rendering should render correctly when slug is provided",
          "invocations": 1,
          "location": null,
          "numPassingAsserts": 3,
          "retryReasons": [],
          "status": "passed",
          "title": "should render correctly when slug is provided"
        },
        {
          "ancestorTitles": ["EventPage", "Rendering"],
          "duration": 2,
          "failureDetails": [],
          "failureMessages": [],
          "fullName": "EventPage Rendering should return null when no slug is provided",
          "invocations": 1,
          "location": null,
          "numPassingAsserts": 1,
          "retryReasons": [],
          "status": "passed",
          "title": "should return null when no slug is provided"
        },
        {
          "ancestorTitles": ["EventPage", "Rendering"],
          "duration": 7,
          "failureDetails": [],
          "failureMessages": [],
          "fullName": "EventPage Rendering should render all main sections",
          "invocations": 1,
          "location": null,
          "numPassingAsserts": 4,
          "retryReasons": [],
          "status": "passed",
          "title": "should render all main sections"
        },
        {
          "ancestorTitles": ["EventPage", "Data Fetching"],
          "duration": 10,
          "failureDetails": [],
          "failureMessages": [],
          "fullName": "EventPage Data Fetching should fetch groups and events on mount",
          "invocations": 1,
          "location": null,
          "numPassingAsserts": 4,
          "retryReasons": [],
          "status": "passed",
          "title": "should fetch groups and events on mount"
        },
        {
          "ancestorTitles": ["EventPage", "Data Fetching"],
          "duration": 11,
          "failureDetails": [],
          "failureMessages": [],
          "fullName": "EventPage Data Fetching should display fetched groups and events",
          "invocations": 1,
          "location": null,
          "numPassingAsserts": 6,
          "retryReasons": [],
          "status": "passed",
          "title": "should display fetched groups and events"
        },
        {
          "ancestorTitles": ["EventPage", "Data Fetching"],
          "duration": 35,
          "failureDetails": [],
          "failureMessages": [],
          "fullName": "EventPage Data Fetching should refetch events when filters change",
          "invocations": 1,
          "location": null,
          "numPassingAsserts": 2,
          "retryReasons": [],
          "status": "passed",
          "title": "should refetch events when filters change"
        },
        {
          "ancestorTitles": ["EventPage", "Error Handling"],
          "duration": 34,
          "failureDetails": [],
          "failureMessages": [],
          "fullName": "EventPage Error Handling should handle group fetching errors gracefully",
          "invocations": 1,
          "location": null,
          "numPassingAsserts": 1,
          "retryReasons": [],
          "status": "passed",
          "title": "should handle group fetching errors gracefully"
        },
        {
          "ancestorTitles": ["EventPage", "Error Handling"],
          "duration": 4,
          "failureDetails": [],
          "failureMessages": [],
          "fullName": "EventPage Error Handling should handle event fetching errors gracefully",
          "invocations": 1,
          "location": null,
          "numPassingAsserts": 2,
          "retryReasons": [],
          "status": "passed",
          "title": "should handle event fetching errors gracefully"
        },
        {
          "ancestorTitles": ["EventPage", "Authentication-dependent Features"],
          "duration": 6,
          "failureDetails": [],
          "failureMessages": [],
          "fullName": "EventPage Authentication-dependent Features should show action buttons when user is authenticated",
          "invocations": 1,
          "location": null,
          "numPassingAsserts": 2,
          "retryReasons": [],
          "status": "passed",
          "title": "should show action buttons when user is authenticated"
        },
        {
          "ancestorTitles": ["EventPage", "Authentication-dependent Features"],
          "duration": 5,
          "failureDetails": [],
          "failureMessages": [],
          "fullName": "EventPage Authentication-dependent Features should hide action buttons when user is not authenticated",
          "invocations": 1,
          "location": null,
          "numPassingAsserts": 2,
          "retryReasons": [],
          "status": "passed",
          "title": "should hide action buttons when user is not authenticated"
        },
        {
          "ancestorTitles": ["EventPage", "Event Management"],
          "duration": 17,
          "failureDetails": [],
          "failureMessages": [],
          "fullName": "EventPage Event Management should handle event creation",
          "invocations": 1,
          "location": null,
          "numPassingAsserts": 2,
          "retryReasons": [],
          "status": "passed",
          "title": "should handle event creation"
        },
        {
          "ancestorTitles": ["EventPage", "Event Management"],
          "duration": 115,
          "failureDetails": [],
          "failureMessages": [],
          "fullName": "EventPage Event Management should handle event updates",
          "invocations": 1,
          "location": null,
          "numPassingAsserts": 7,
          "retryReasons": [],
          "status": "passed",
          "title": "should handle event updates"
        },
        {
          "ancestorTitles": ["EventPage", "Event Management"],
          "duration": 39,
          "failureDetails": [],
          "failureMessages": [],
          "fullName": "EventPage Event Management should handle event copying",
          "invocations": 1,
          "location": null,
          "numPassingAsserts": 5,
          "retryReasons": [],
          "status": "passed",
          "title": "should handle event copying"
        },
        {
          "ancestorTitles": ["EventPage", "Event Management"],
          "duration": 63,
          "failureDetails": [],
          "failureMessages": [],
          "fullName": "EventPage Event Management should close copy dialog when cancelled",
          "invocations": 1,
          "location": null,
          "numPassingAsserts": 3,
          "retryReasons": [],
          "status": "passed",
          "title": "should close copy dialog when cancelled"
        },
        {
          "ancestorTitles": ["EventPage", "Loading States"],
          "duration": 112,
          "failureDetails": [],
          "failureMessages": [],
          "fullName": "EventPage Loading States should show loading state while fetching events",
          "invocations": 1,
          "location": null,
          "numPassingAsserts": 4,
          "retryReasons": [],
          "status": "passed",
          "title": "should show loading state while fetching events"
        },
        {
          "ancestorTitles": ["EventPage", "Filter Integration"],
          "duration": 6,
          "failureDetails": [],
          "failureMessages": [],
          "fullName": "EventPage Filter Integration should pass correct props to EventFilterBar",
          "invocations": 1,
          "location": null,
          "numPassingAsserts": 3,
          "retryReasons": [],
          "status": "passed",
          "title": "should pass correct props to EventFilterBar"
        },
        {
          "ancestorTitles": ["EventPage", "Filter Integration"],
          "duration": 32,
          "failureDetails": [],
          "failureMessages": [],
          "fullName": "EventPage Filter Integration should update filters when filter controls are used",
          "invocations": 1,
          "location": null,
          "numPassingAsserts": 4,
          "retryReasons": [],
          "status": "passed",
          "title": "should update filters when filter controls are used"
        },
        {
          "ancestorTitles": ["EventPage", "Accessibility"],
          "duration": 4,
          "failureDetails": [],
          "failureMessages": [],
          "fullName": "EventPage Accessibility should have proper structure for screen readers",
          "invocations": 1,
          "location": null,
          "numPassingAsserts": 4,
          "retryReasons": [],
          "status": "passed",
          "title": "should have proper structure for screen readers"
        },
        {
          "ancestorTitles": ["EventPage", "Edge Cases"],
          "duration": 5,
          "failureDetails": [],
          "failureMessages": [],
          "fullName": "EventPage Edge Cases should handle empty events list",
          "invocations": 1,
          "location": null,
          "numPassingAsserts": 2,
          "retryReasons": [],
          "status": "passed",
          "title": "should handle empty events list"
        },
        {
          "ancestorTitles": ["EventPage", "Edge Cases"],
          "duration": 5,
          "failureDetails": [],
          "failureMessages": [],
          "fullName": "EventPage Edge Cases should handle empty groups list",
          "invocations": 1,
          "location": null,
          "numPassingAsserts": 2,
          "retryReasons": [],
          "status": "passed",
          "title": "should handle empty groups list"
        },
        {
          "ancestorTitles": ["EventPage", "Edge Cases"],
          "duration": 4,
          "failureDetails": [],
          "failureMessages": [],
          "fullName": "EventPage Edge Cases should handle null groups response",
          "invocations": 1,
          "location": null,
          "numPassingAsserts": 2,
          "retryReasons": [],
          "status": "passed",
          "title": "should handle null groups response"
        },
        {
          "ancestorTitles": ["EventPage", "Edge Cases"],
          "duration": 9,
          "failureDetails": [],
          "failureMessages": [],
          "fullName": "EventPage Edge Cases should handle undefined filter dates",
          "invocations": 1,
          "location": null,
          "numPassingAsserts": 1,
          "retryReasons": [],
          "status": "passed",
          "title": "should handle undefined filter dates"
        },
        {
          "ancestorTitles": ["EventPage", "Toast Notifications"],
          "duration": 6,
          "failureDetails": [],
          "failureMessages": [],
          "fullName": "EventPage Toast Notifications should show error toast when event fetching fails",
          "invocations": 1,
          "location": null,
          "numPassingAsserts": 1,
          "retryReasons": [],
          "status": "passed",
          "title": "should show error toast when event fetching fails"
        },
        {
          "ancestorTitles": ["EventPage", "Toast Notifications"],
          "duration": 7,
          "failureDetails": [],
          "failureMessages": [],
          "fullName": "EventPage Toast Notifications should show error toast when group fetching fails",
          "invocations": 1,
          "location": null,
          "numPassingAsserts": 1,
          "retryReasons": [],
          "status": "passed",
          "title": "should show error toast when group fetching fails"
        }
      ],
      "endTime": 1749528570785,
      "message": "",
      "name": "/Users/schwanndenkuo/Documents/personal/chabod/tests/ui/pages/tenant/EventPage.test.tsx",
      "startTime": 1749528569682,
      "status": "passed",
      "summary": ""
    }
  ],
  "wasInterrupted": false
}
